{"numFailedTestSuites":0,"numFailedTests":0,"numPassedTestSuites":37,"numPassedTests":743,"numPendingTestSuites":0,"numPendingTests":0,"numRuntimeErrorTestSuites":0,"numTodoTests":0,"numTotalTestSuites":37,"numTotalTests":743,"openHandles":[],"snapshot":{"added":0,"didUpdate":false,"failure":false,"filesAdded":0,"filesRemoved":0,"filesRemovedList":[],"filesUnmatched":0,"filesUpdated":0,"matched":0,"total":0,"unchecked":0,"uncheckedKeysByFile":[],"unmatched":0,"updated":0},"startTime":1771869125665,"success":true,"testResults":[{"assertionResults":[{"ancestorTitles":["articlesSlice initial state"],"duration":30,"failing":false,"failureDetails":[],"failureMessages":[],"fullName":"articlesSlice initial state has correct default values","invocations":1,"location":null,"numPassingAsserts":6,"retryReasons":[],"startAt":1771869135376,"status":"passed","title":"has correct default values"},{"ancestorTitles":["articlesSlice reducers"],"duration":9,"failing":false,"failureDetails":[],"failureMessages":[],"fullName":"articlesSlice reducers clearError resets error to null","invocations":1,"location":null,"numPassingAsserts":1,"retryReasons":[],"startAt":1771869135408,"status":"passed","title":"clearError resets error to null"},{"ancestorTitles":["articlesSlice reducers"],"duration":5,"failing":false,"failureDetails":[],"failureMessages":[],"fullName":"articlesSlice reducers setSelectedArticle sets the selected article","invocations":1,"location":null,"numPassingAsserts":1,"retryReasons":[],"startAt":1771869135418,"status":"passed","title":"setSelectedArticle sets the selected article"},{"ancestorTitles":["articlesSlice reducers"],"duration":2,"failing":false,"failureDetails":[],"failureMessages":[],"fullName":"articlesSlice reducers setSelectedArticle to null clears selection","invocations":1,"location":null,"numPassingAsserts":1,"retryReasons":[],"startAt":1771869135423,"status":"passed","title":"setSelectedArticle to null clears selection"},{"ancestorTitles":["articlesSlice reducers"],"duration":2,"failing":false,"failureDetails":[],"failureMessages":[],"fullName":"articlesSlice reducers clearSearch resets searchResults to empty array","invocations":1,"location":null,"numPassingAsserts":1,"retryReasons":[],"startAt":1771869135426,"status":"passed","title":"clearSearch resets searchResults to empty array"},{"ancestorTitles":["fetchArticles thunk"],"duration":9,"failing":false,"failureDetails":[],"failureMessages":[],"fullName":"fetchArticles thunk sets loading on pending, populates articles on fulfilled","invocations":1,"location":null,"numPassingAsserts":3,"retryReasons":[],"startAt":1771869135429,"status":"passed","title":"sets loading on pending, populates articles on fulfilled"},{"ancestorTitles":["fetchArticles thunk"],"duration":92,"failing":false,"failureDetails":[],"failureMessages":[],"fullName":"fetchArticles thunk sets error on rejected","invocations":1,"location":null,"numPassingAsserts":2,"retryReasons":[],"startAt":1771869135439,"status":"passed","title":"sets error on rejected"},{"ancestorTitles":["createArticle thunk"],"duration":38,"failing":false,"failureDetails":[],"failureMessages":[],"fullName":"createArticle thunk appends new article and sorts alphabetically by title","invocations":1,"location":null,"numPassingAsserts":1,"retryReasons":[],"startAt":1771869135533,"status":"passed","title":"appends new article and sorts alphabetically by title"},{"ancestorTitles":["createArticle thunk"],"duration":5,"failing":false,"failureDetails":[],"failureMessages":[],"fullName":"createArticle thunk sets error on rejected","invocations":1,"location":null,"numPassingAsserts":1,"retryReasons":[],"startAt":1771869135571,"status":"passed","title":"sets error on rejected"},{"ancestorTitles":["updateArticle thunk"],"duration":5,"failing":false,"failureDetails":[],"failureMessages":[],"fullName":"updateArticle thunk updates article in-place by objectId and re-sorts","invocations":1,"location":null,"numPassingAsserts":3,"retryReasons":[],"startAt":1771869135577,"status":"passed","title":"updates article in-place by objectId and re-sorts"},{"ancestorTitles":["updateArticle thunk"],"duration":4,"failing":false,"failureDetails":[],"failureMessages":[],"fullName":"updateArticle thunk updates selectedArticle if it matches the updated article","invocations":1,"location":null,"numPassingAsserts":1,"retryReasons":[],"startAt":1771869135582,"status":"passed","title":"updates selectedArticle if it matches the updated article"},{"ancestorTitles":["updateArticle thunk"],"duration":3,"failing":false,"failureDetails":[],"failureMessages":[],"fullName":"updateArticle thunk does not update selectedArticle if objectId differs","invocations":1,"location":null,"numPassingAsserts":1,"retryReasons":[],"startAt":1771869135586,"status":"passed","title":"does not update selectedArticle if objectId differs"},{"ancestorTitles":["updateArticle thunk"],"duration":4,"failing":false,"failureDetails":[],"failureMessages":[],"fullName":"updateArticle thunk sets error on rejected","invocations":1,"location":null,"numPassingAsserts":1,"retryReasons":[],"startAt":1771869135589,"status":"passed","title":"sets error on rejected"},{"ancestorTitles":["deleteArticle thunk"],"duration":5,"failing":false,"failureDetails":[],"failureMessages":[],"fullName":"deleteArticle thunk removes article from list by title","invocations":1,"location":null,"numPassingAsserts":2,"retryReasons":[],"startAt":1771869135593,"status":"passed","title":"removes article from list by title"},{"ancestorTitles":["deleteArticle thunk"],"duration":3,"failing":false,"failureDetails":[],"failureMessages":[],"fullName":"deleteArticle thunk clears selectedArticle if it matches deleted title","invocations":1,"location":null,"numPassingAsserts":1,"retryReasons":[],"startAt":1771869135598,"status":"passed","title":"clears selectedArticle if it matches deleted title"},{"ancestorTitles":["deleteArticle thunk"],"duration":3,"failing":false,"failureDetails":[],"failureMessages":[],"fullName":"deleteArticle thunk does not clear selectedArticle if titles differ","invocations":1,"location":null,"numPassingAsserts":1,"retryReasons":[],"startAt":1771869135602,"status":"passed","title":"does not clear selectedArticle if titles differ"},{"ancestorTitles":["deleteArticle thunk"],"duration":4,"failing":false,"failureDetails":[],"failureMessages":[],"fullName":"deleteArticle thunk sets error on rejected","invocations":1,"location":null,"numPassingAsserts":1,"retryReasons":[],"startAt":1771869135605,"status":"passed","title":"sets error on rejected"},{"ancestorTitles":["searchArticles thunk"],"duration":19,"failing":false,"failureDetails":[],"failureMessages":[],"fullName":"searchArticles thunk sets loading on pending, populates searchResults on fulfilled","invocations":1,"location":null,"numPassingAsserts":3,"retryReasons":[],"startAt":1771869135610,"status":"passed","title":"sets loading on pending, populates searchResults on fulfilled"},{"ancestorTitles":["searchArticles thunk"],"duration":14,"failing":false,"failureDetails":[],"failureMessages":[],"fullName":"searchArticles thunk sets error on rejected","invocations":1,"location":null,"numPassingAsserts":2,"retryReasons":[],"startAt":1771869135629,"status":"passed","title":"sets error on rejected"},{"ancestorTitles":["getArticle thunk"],"duration":9,"failing":false,"failureDetails":[],"failureMessages":[],"fullName":"getArticle thunk sets selectedArticle on fulfilled","invocations":1,"location":null,"numPassingAsserts":1,"retryReasons":[],"startAt":1771869135649,"status":"passed","title":"sets selectedArticle on fulfilled"},{"ancestorTitles":["getArticle thunk"],"duration":18,"failing":false,"failureDetails":[],"failureMessages":[],"fullName":"getArticle thunk sets error on rejected","invocations":1,"location":null,"numPassingAsserts":1,"retryReasons":[],"startAt":1771869135659,"status":"passed","title":"sets error on rejected"},{"ancestorTitles":["fetchLinkedArticles thunk"],"duration":25,"failing":false,"failureDetails":[],"failureMessages":[],"fullName":"fetchLinkedArticles thunk populates linkedArticleTitles on fulfilled","invocations":1,"location":null,"numPassingAsserts":1,"retryReasons":[],"startAt":1771869135678,"status":"passed","title":"populates linkedArticleTitles on fulfilled"},{"ancestorTitles":["fetchLinkedArticles thunk"],"duration":11,"failing":false,"failureDetails":[],"failureMessages":[],"fullName":"fetchLinkedArticles thunk sets empty array when no articles linked","invocations":1,"location":null,"numPassingAsserts":1,"retryReasons":[],"startAt":1771869135703,"status":"passed","title":"sets empty array when no articles linked"},{"ancestorTitles":["linkArticle thunk"],"duration":20,"failing":false,"failureDetails":[],"failureMessages":[],"fullName":"linkArticle thunk adds title to linkedArticleTitles on fulfilled","invocations":1,"location":null,"numPassingAsserts":1,"retryReasons":[],"startAt":1771869135714,"status":"passed","title":"adds title to linkedArticleTitles on fulfilled"},{"ancestorTitles":["linkArticle thunk"],"duration":12,"failing":false,"failureDetails":[],"failureMessages":[],"fullName":"linkArticle thunk deduplicates — does not add title if already present","invocations":1,"location":null,"numPassingAsserts":1,"retryReasons":[],"startAt":1771869135747,"status":"passed","title":"deduplicates — does not add title if already present"},{"ancestorTitles":["linkArticle thunk"],"duration":18,"failing":false,"failureDetails":[],"failureMessages":[],"fullName":"linkArticle thunk sets error on rejected","invocations":1,"location":null,"numPassingAsserts":1,"retryReasons":[],"startAt":1771869135761,"status":"passed","title":"sets error on rejected"},{"ancestorTitles":["unlinkArticle thunk"],"duration":39,"failing":false,"failureDetails":[],"failureMessages":[],"fullName":"unlinkArticle thunk removes title from linkedArticleTitles on fulfilled","invocations":1,"location":null,"numPassingAsserts":1,"retryReasons":[],"startAt":1771869135780,"status":"passed","title":"removes title from linkedArticleTitles on fulfilled"},{"ancestorTitles":["unlinkArticle thunk"],"duration":12,"failing":false,"failureDetails":[],"failureMessages":[],"fullName":"unlinkArticle thunk no-op when title not in list","invocations":1,"location":null,"numPassingAsserts":1,"retryReasons":[],"startAt":1771869135819,"status":"passed","title":"no-op when title not in list"},{"ancestorTitles":["unlinkArticle thunk"],"duration":3,"failing":false,"failureDetails":[],"failureMessages":[],"fullName":"unlinkArticle thunk sets error on rejected","invocations":1,"location":null,"numPassingAsserts":1,"retryReasons":[],"startAt":1771869135834,"status":"passed","title":"sets error on rejected"}],"endTime":1771869135846,"message":"","name":"C:\\Users\\andre\\OneDrive\\Desktop\\swarmcode\\swarmcode-ui\\tests\\articlesSlice.test.js","startTime":1771869128850,"status":"passed","summary":""},{"assertionResults":[{"ancestorTitles":["api.js: all cloud functions pass boardId (not projectHash)"],"duration":19,"failing":false,"failureDetails":[],"failureMessages":[],"fullName":"api.js: all cloud functions pass boardId (not projectHash) sendMessage passes boardId","invocations":1,"location":null,"numPassingAsserts":2,"retryReasons":[],"startAt":1771869135558,"status":"passed","title":"sendMessage passes boardId"},{"ancestorTitles":["api.js: all cloud functions pass boardId (not projectHash)"],"duration":3,"failing":false,"failureDetails":[],"failureMessages":[],"fullName":"api.js: all cloud functions pass boardId (not projectHash) getConversation passes boardId","invocations":1,"location":null,"numPassingAsserts":2,"retryReasons":[],"startAt":1771869135578,"status":"passed","title":"getConversation passes boardId"},{"ancestorTitles":["api.js: all cloud functions pass boardId (not projectHash)"],"duration":4,"failing":false,"failureDetails":[],"failureMessages":[],"fullName":"api.js: all cloud functions pass boardId (not projectHash) createCard passes boardId","invocations":1,"location":null,"numPassingAsserts":2,"retryReasons":[],"startAt":1771869135582,"status":"passed","title":"createCard passes boardId"},{"ancestorTitles":["api.js: all cloud functions pass boardId (not projectHash)"],"duration":2,"failing":false,"failureDetails":[],"failureMessages":[],"fullName":"api.js: all cloud functions pass boardId (not projectHash) updateCard passes boardId","invocations":1,"location":null,"numPassingAsserts":2,"retryReasons":[],"startAt":1771869135586,"status":"passed","title":"updateCard passes boardId"},{"ancestorTitles":["api.js: all cloud functions pass boardId (not projectHash)"],"duration":4,"failing":false,"failureDetails":[],"failureMessages":[],"fullName":"api.js: all cloud functions pass boardId (not projectHash) addComment passes boardId","invocations":1,"location":null,"numPassingAsserts":2,"retryReasons":[],"startAt":1771869135589,"status":"passed","title":"addComment passes boardId"},{"ancestorTitles":["api.js: all cloud functions pass boardId (not projectHash)"],"duration":3,"failing":false,"failureDetails":[],"failureMessages":[],"fullName":"api.js: all cloud functions pass boardId (not projectHash) listCards passes boardId","invocations":1,"location":null,"numPassingAsserts":2,"retryReasons":[],"startAt":1771869135594,"status":"passed","title":"listCards passes boardId"},{"ancestorTitles":["api.js: all cloud functions pass boardId (not projectHash)"],"duration":4,"failing":false,"failureDetails":[],"failureMessages":[],"fullName":"api.js: all cloud functions pass boardId (not projectHash) showCard passes boardId","invocations":1,"location":null,"numPassingAsserts":2,"retryReasons":[],"startAt":1771869135597,"status":"passed","title":"showCard passes boardId"},{"ancestorTitles":["api.js: all cloud functions pass boardId (not projectHash)"],"duration":4,"failing":false,"failureDetails":[],"failureMessages":[],"fullName":"api.js: all cloud functions pass boardId (not projectHash) getAgents passes boardId","invocations":1,"location":null,"numPassingAsserts":2,"retryReasons":[],"startAt":1771869135602,"status":"passed","title":"getAgents passes boardId"},{"ancestorTitles":["api.js: all cloud functions pass boardId (not projectHash)"],"duration":12,"failing":false,"failureDetails":[],"failureMessages":[],"fullName":"api.js: all cloud functions pass boardId (not projectHash) assignAgentToProject passes boardId","invocations":1,"location":null,"numPassingAsserts":2,"retryReasons":[],"startAt":1771869135607,"status":"passed","title":"assignAgentToProject passes boardId"},{"ancestorTitles":["api.js: all cloud functions pass boardId (not projectHash)"],"duration":7,"failing":false,"failureDetails":[],"failureMessages":[],"fullName":"api.js: all cloud functions pass boardId (not projectHash) unassignAgentFromProject passes boardId","invocations":1,"location":null,"numPassingAsserts":2,"retryReasons":[],"startAt":1771869135629,"status":"passed","title":"unassignAgentFromProject passes boardId"},{"ancestorTitles":["api.js: all cloud functions pass boardId (not projectHash)"],"duration":7,"failing":false,"failureDetails":[],"failureMessages":[],"fullName":"api.js: all cloud functions pass boardId (not projectHash) updateProjectAgent passes boardId","invocations":1,"location":null,"numPassingAsserts":2,"retryReasons":[],"startAt":1771869135636,"status":"passed","title":"updateProjectAgent passes boardId"},{"ancestorTitles":["api.js: all cloud functions pass boardId (not projectHash)"],"duration":9,"failing":false,"failureDetails":[],"failureMessages":[],"fullName":"api.js: all cloud functions pass boardId (not projectHash) createSprint passes boardId","invocations":1,"location":null,"numPassingAsserts":2,"retryReasons":[],"startAt":1771869135643,"status":"passed","title":"createSprint passes boardId"},{"ancestorTitles":["api.js: all cloud functions pass boardId (not projectHash)"],"duration":8,"failing":false,"failureDetails":[],"failureMessages":[],"fullName":"api.js: all cloud functions pass boardId (not projectHash) getSprints passes boardId","invocations":1,"location":null,"numPassingAsserts":2,"retryReasons":[],"startAt":1771869135653,"status":"passed","title":"getSprints passes boardId"},{"ancestorTitles":["api.js: all cloud functions pass boardId (not projectHash)"],"duration":12,"failing":false,"failureDetails":[],"failureMessages":[],"fullName":"api.js: all cloud functions pass boardId (not projectHash) updateSprint passes boardId","invocations":1,"location":null,"numPassingAsserts":2,"retryReasons":[],"startAt":1771869135662,"status":"passed","title":"updateSprint passes boardId"},{"ancestorTitles":["api.js: all cloud functions pass boardId (not projectHash)"],"duration":2,"failing":false,"failureDetails":[],"failureMessages":[],"fullName":"api.js: all cloud functions pass boardId (not projectHash) deleteSprint passes boardId","invocations":1,"location":null,"numPassingAsserts":2,"retryReasons":[],"startAt":1771869135686,"status":"passed","title":"deleteSprint passes boardId"},{"ancestorTitles":["api.js: all cloud functions pass boardId (not projectHash)"],"duration":2,"failing":false,"failureDetails":[],"failureMessages":[],"fullName":"api.js: all cloud functions pass boardId (not projectHash) createArticle passes boardId","invocations":1,"location":null,"numPassingAsserts":2,"retryReasons":[],"startAt":1771869135696,"status":"passed","title":"createArticle passes boardId"},{"ancestorTitles":["api.js: all cloud functions pass boardId (not projectHash)"],"duration":13,"failing":false,"failureDetails":[],"failureMessages":[],"fullName":"api.js: all cloud functions pass boardId (not projectHash) getArticle passes boardId","invocations":1,"location":null,"numPassingAsserts":2,"retryReasons":[],"startAt":1771869135698,"status":"passed","title":"getArticle passes boardId"},{"ancestorTitles":["api.js: all cloud functions pass boardId (not projectHash)"],"duration":6,"failing":false,"failureDetails":[],"failureMessages":[],"fullName":"api.js: all cloud functions pass boardId (not projectHash) updateArticle passes boardId","invocations":1,"location":null,"numPassingAsserts":2,"retryReasons":[],"startAt":1771869135711,"status":"passed","title":"updateArticle passes boardId"},{"ancestorTitles":["api.js: all cloud functions pass boardId (not projectHash)"],"duration":2,"failing":false,"failureDetails":[],"failureMessages":[],"fullName":"api.js: all cloud functions pass boardId (not projectHash) deleteArticle passes boardId","invocations":1,"location":null,"numPassingAsserts":2,"retryReasons":[],"startAt":1771869135718,"status":"passed","title":"deleteArticle passes boardId"},{"ancestorTitles":["api.js: all cloud functions pass boardId (not projectHash)"],"duration":8,"failing":false,"failureDetails":[],"failureMessages":[],"fullName":"api.js: all cloud functions pass boardId (not projectHash) listArticles passes boardId","invocations":1,"location":null,"numPassingAsserts":2,"retryReasons":[],"startAt":1771869135720,"status":"passed","title":"listArticles passes boardId"},{"ancestorTitles":["api.js: all cloud functions pass boardId (not projectHash)"],"duration":2,"failing":false,"failureDetails":[],"failureMessages":[],"fullName":"api.js: all cloud functions pass boardId (not projectHash) searchArticles passes boardId","invocations":1,"location":null,"numPassingAsserts":2,"retryReasons":[],"startAt":1771869135728,"status":"passed","title":"searchArticles passes boardId"},{"ancestorTitles":["api.js: all cloud functions pass boardId (not projectHash)"],"duration":28,"failing":false,"failureDetails":[],"failureMessages":[],"fullName":"api.js: all cloud functions pass boardId (not projectHash) linkArticleToProject passes boardId","invocations":1,"location":null,"numPassingAsserts":2,"retryReasons":[],"startAt":1771869135731,"status":"passed","title":"linkArticleToProject passes boardId"},{"ancestorTitles":["api.js: all cloud functions pass boardId (not projectHash)"],"duration":2,"failing":false,"failureDetails":[],"failureMessages":[],"fullName":"api.js: all cloud functions pass boardId (not projectHash) unlinkArticleFromProject passes boardId","invocations":1,"location":null,"numPassingAsserts":2,"retryReasons":[],"startAt":1771869135760,"status":"passed","title":"unlinkArticleFromProject passes boardId"},{"ancestorTitles":["api.js: all cloud functions pass boardId (not projectHash)"],"duration":16,"failing":false,"failureDetails":[],"failureMessages":[],"fullName":"api.js: all cloud functions pass boardId (not projectHash) getProjectArticles passes boardId","invocations":1,"location":null,"numPassingAsserts":2,"retryReasons":[],"startAt":1771869135762,"status":"passed","title":"getProjectArticles passes boardId"},{"ancestorTitles":["api.js: all cloud functions pass boardId (not projectHash)"],"duration":12,"failing":false,"failureDetails":[],"failureMessages":[],"fullName":"api.js: all cloud functions pass boardId (not projectHash) createCommand passes boardId","invocations":1,"location":null,"numPassingAsserts":2,"retryReasons":[],"startAt":1771869135778,"status":"passed","title":"createCommand passes boardId"},{"ancestorTitles":["api.js: all cloud functions pass boardId (not projectHash)"],"duration":8,"failing":false,"failureDetails":[],"failureMessages":[],"fullName":"api.js: all cloud functions pass boardId (not projectHash) listRecentCommands passes boardId","invocations":1,"location":null,"numPassingAsserts":2,"retryReasons":[],"startAt":1771869135790,"status":"passed","title":"listRecentCommands passes boardId"},{"ancestorTitles":["api.js: all cloud functions pass boardId (not projectHash)"],"duration":13,"failing":false,"failureDetails":[],"failureMessages":[],"fullName":"api.js: all cloud functions pass boardId (not projectHash) getLatestPing passes boardId","invocations":1,"location":null,"numPassingAsserts":2,"retryReasons":[],"startAt":1771869135798,"status":"passed","title":"getLatestPing passes boardId"},{"ancestorTitles":["api.js: all cloud functions pass boardId (not projectHash)"],"duration":12,"failing":false,"failureDetails":[],"failureMessages":[],"fullName":"api.js: all cloud functions pass boardId (not projectHash) global agent ops (createAgent, updateAgent, deleteAgent, getAllAgents) do NOT pass boardId","invocations":1,"location":null,"numPassingAsserts":4,"retryReasons":[],"startAt":1771869135812,"status":"passed","title":"global agent ops (createAgent, updateAgent, deleteAgent, getAllAgents) do NOT pass boardId"},{"ancestorTitles":["api.js: LiveQuery subscriptions use Board Pointer"],"duration":3,"failing":false,"failureDetails":[],"failureMessages":[],"fullName":"api.js: LiveQuery subscriptions use Board Pointer subscribeToCommands creates Board Pointer query via equalTo('board', ...)","invocations":1,"location":null,"numPassingAsserts":3,"retryReasons":[],"startAt":1771869135825,"status":"passed","title":"subscribeToCommands creates Board Pointer query via equalTo('board', ...)"},{"ancestorTitles":["api.js: LiveQuery subscriptions use Board Pointer"],"duration":4,"failing":false,"failureDetails":[],"failureMessages":[],"fullName":"api.js: LiveQuery subscriptions use Board Pointer subscribeToPings creates Board Pointer query via equalTo('board', ...)","invocations":1,"location":null,"numPassingAsserts":3,"retryReasons":[],"startAt":1771869135828,"status":"passed","title":"subscribeToPings creates Board Pointer query via equalTo('board', ...)"},{"ancestorTitles":["api.js: LiveQuery subscriptions use Board Pointer"],"duration":9,"failing":false,"failureDetails":[],"failureMessages":[],"fullName":"api.js: LiveQuery subscriptions use Board Pointer subscribeToMessages does NOT filter by board (global subscription)","invocations":1,"location":null,"numPassingAsserts":1,"retryReasons":[],"startAt":1771869135832,"status":"passed","title":"subscribeToMessages does NOT filter by board (global subscription)"},{"ancestorTitles":["messagesSlice: thunks read board?.objectId from state"],"duration":82,"failing":false,"failureDetails":[],"failureMessages":[],"fullName":"messagesSlice: thunks read board?.objectId from state sendMessage reads boardId from board.board.objectId","invocations":1,"location":null,"numPassingAsserts":1,"retryReasons":[],"startAt":1771869135850,"status":"passed","title":"sendMessage reads boardId from board.board.objectId"},{"ancestorTitles":["messagesSlice: thunks read board?.objectId from state"],"duration":4,"failing":false,"failureDetails":[],"failureMessages":[],"fullName":"messagesSlice: thunks read board?.objectId from state sendMessage passes undefined boardId when board is null","invocations":1,"location":null,"numPassingAsserts":1,"retryReasons":[],"startAt":1771869135933,"status":"passed","title":"sendMessage passes undefined boardId when board is null"},{"ancestorTitles":["messagesSlice: thunks read board?.objectId from state"],"duration":5,"failing":false,"failureDetails":[],"failureMessages":[],"fullName":"messagesSlice: thunks read board?.objectId from state loadConversation reads boardId from board.board.objectId","invocations":1,"location":null,"numPassingAsserts":1,"retryReasons":[],"startAt":1771869135937,"status":"passed","title":"loadConversation reads boardId from board.board.objectId"},{"ancestorTitles":["messagesSlice: thunks read board?.objectId from state"],"duration":15,"failing":false,"failureDetails":[],"failureMessages":[],"fullName":"messagesSlice: thunks read board?.objectId from state loadMoreMessages reads boardId from board.board.objectId","invocations":1,"location":null,"numPassingAsserts":1,"retryReasons":[],"startAt":1771869135942,"status":"passed","title":"loadMoreMessages reads boardId from board.board.objectId"},{"ancestorTitles":["boardSlice: thunks pass boardId to API"],"duration":25,"failing":false,"failureDetails":[],"failureMessages":[],"fullName":"boardSlice: thunks pass boardId to API fetchCards passes boardId","invocations":1,"location":null,"numPassingAsserts":1,"retryReasons":[],"startAt":1771869135958,"status":"passed","title":"fetchCards passes boardId"},{"ancestorTitles":["boardSlice: thunks pass boardId to API"],"duration":17,"failing":false,"failureDetails":[],"failureMessages":[],"fullName":"boardSlice: thunks pass boardId to API fetchCard passes boardId","invocations":1,"location":null,"numPassingAsserts":1,"retryReasons":[],"startAt":1771869135988,"status":"passed","title":"fetchCard passes boardId"},{"ancestorTitles":["boardSlice: thunks pass boardId to API"],"duration":26,"failing":false,"failureDetails":[],"failureMessages":[],"fullName":"boardSlice: thunks pass boardId to API createCard passes boardId through cardData","invocations":1,"location":null,"numPassingAsserts":1,"retryReasons":[],"startAt":1771869136005,"status":"passed","title":"createCard passes boardId through cardData"},{"ancestorTitles":["boardSlice: thunks pass boardId to API"],"duration":17,"failing":false,"failureDetails":[],"failureMessages":[],"fullName":"boardSlice: thunks pass boardId to API updateCard passes boardId through cardData","invocations":1,"location":null,"numPassingAsserts":1,"retryReasons":[],"startAt":1771869136032,"status":"passed","title":"updateCard passes boardId through cardData"},{"ancestorTitles":["boardSlice: thunks pass boardId to API"],"duration":5,"failing":false,"failureDetails":[],"failureMessages":[],"fullName":"boardSlice: thunks pass boardId to API addComment passes boardId through commentData","invocations":1,"location":null,"numPassingAsserts":1,"retryReasons":[],"startAt":1771869136049,"status":"passed","title":"addComment passes boardId through commentData"},{"ancestorTitles":["boardSlice: thunks pass boardId to API"],"duration":4,"failing":false,"failureDetails":[],"failureMessages":[],"fullName":"boardSlice: thunks pass boardId to API createSprint passes boardId","invocations":1,"location":null,"numPassingAsserts":1,"retryReasons":[],"startAt":1771869136054,"status":"passed","title":"createSprint passes boardId"},{"ancestorTitles":["boardSlice: thunks pass boardId to API"],"duration":3,"failing":false,"failureDetails":[],"failureMessages":[],"fullName":"boardSlice: thunks pass boardId to API updateSprint passes boardId","invocations":1,"location":null,"numPassingAsserts":1,"retryReasons":[],"startAt":1771869136059,"status":"passed","title":"updateSprint passes boardId"},{"ancestorTitles":["boardSlice: thunks pass boardId to API"],"duration":4,"failing":false,"failureDetails":[],"failureMessages":[],"fullName":"boardSlice: thunks pass boardId to API deleteSprint passes boardId","invocations":1,"location":null,"numPassingAsserts":1,"retryReasons":[],"startAt":1771869136062,"status":"passed","title":"deleteSprint passes boardId"},{"ancestorTitles":["articlesSlice: thunks pass boardId to API"],"duration":3,"failing":false,"failureDetails":[],"failureMessages":[],"fullName":"articlesSlice: thunks pass boardId to API fetchArticles passes boardId","invocations":1,"location":null,"numPassingAsserts":1,"retryReasons":[],"startAt":1771869136067,"status":"passed","title":"fetchArticles passes boardId"},{"ancestorTitles":["articlesSlice: thunks pass boardId to API"],"duration":3,"failing":false,"failureDetails":[],"failureMessages":[],"fullName":"articlesSlice: thunks pass boardId to API createArticle passes boardId","invocations":1,"location":null,"numPassingAsserts":1,"retryReasons":[],"startAt":1771869136071,"status":"passed","title":"createArticle passes boardId"},{"ancestorTitles":["articlesSlice: thunks pass boardId to API"],"duration":3,"failing":false,"failureDetails":[],"failureMessages":[],"fullName":"articlesSlice: thunks pass boardId to API updateArticle passes boardId","invocations":1,"location":null,"numPassingAsserts":1,"retryReasons":[],"startAt":1771869136075,"status":"passed","title":"updateArticle passes boardId"},{"ancestorTitles":["articlesSlice: thunks pass boardId to API"],"duration":3,"failing":false,"failureDetails":[],"failureMessages":[],"fullName":"articlesSlice: thunks pass boardId to API deleteArticle passes boardId","invocations":1,"location":null,"numPassingAsserts":1,"retryReasons":[],"startAt":1771869136078,"status":"passed","title":"deleteArticle passes boardId"},{"ancestorTitles":["articlesSlice: thunks pass boardId to API"],"duration":4,"failing":false,"failureDetails":[],"failureMessages":[],"fullName":"articlesSlice: thunks pass boardId to API searchArticles passes boardId","invocations":1,"location":null,"numPassingAsserts":1,"retryReasons":[],"startAt":1771869136081,"status":"passed","title":"searchArticles passes boardId"},{"ancestorTitles":["articlesSlice: thunks pass boardId to API"],"duration":3,"failing":false,"failureDetails":[],"failureMessages":[],"fullName":"articlesSlice: thunks pass boardId to API getArticle passes boardId","invocations":1,"location":null,"numPassingAsserts":1,"retryReasons":[],"startAt":1771869136085,"status":"passed","title":"getArticle passes boardId"},{"ancestorTitles":["articlesSlice: thunks pass boardId to API"],"duration":3,"failing":false,"failureDetails":[],"failureMessages":[],"fullName":"articlesSlice: thunks pass boardId to API fetchLinkedArticles passes boardId","invocations":1,"location":null,"numPassingAsserts":1,"retryReasons":[],"startAt":1771869136088,"status":"passed","title":"fetchLinkedArticles passes boardId"},{"ancestorTitles":["articlesSlice: thunks pass boardId to API"],"duration":3,"failing":false,"failureDetails":[],"failureMessages":[],"fullName":"articlesSlice: thunks pass boardId to API linkArticle passes boardId","invocations":1,"location":null,"numPassingAsserts":1,"retryReasons":[],"startAt":1771869136091,"status":"passed","title":"linkArticle passes boardId"},{"ancestorTitles":["articlesSlice: thunks pass boardId to API"],"duration":3,"failing":false,"failureDetails":[],"failureMessages":[],"fullName":"articlesSlice: thunks pass boardId to API unlinkArticle passes boardId","invocations":1,"location":null,"numPassingAsserts":1,"retryReasons":[],"startAt":1771869136095,"status":"passed","title":"unlinkArticle passes boardId"},{"ancestorTitles":["commandsSlice: thunks pass boardId to API"],"duration":4,"failing":false,"failureDetails":[],"failureMessages":[],"fullName":"commandsSlice: thunks pass boardId to API fetchRecentCommands passes boardId","invocations":1,"location":null,"numPassingAsserts":1,"retryReasons":[],"startAt":1771869136098,"status":"passed","title":"fetchRecentCommands passes boardId"},{"ancestorTitles":["commandsSlice: thunks pass boardId to API"],"duration":4,"failing":false,"failureDetails":[],"failureMessages":[],"fullName":"commandsSlice: thunks pass boardId to API createCommand passes boardId","invocations":1,"location":null,"numPassingAsserts":1,"retryReasons":[],"startAt":1771869136102,"status":"passed","title":"createCommand passes boardId"},{"ancestorTitles":["commandsSlice: thunks pass boardId to API"],"duration":2,"failing":false,"failureDetails":[],"failureMessages":[],"fullName":"commandsSlice: thunks pass boardId to API fetchLatestPing passes boardId","invocations":1,"location":null,"numPassingAsserts":1,"retryReasons":[],"startAt":1771869136106,"status":"passed","title":"fetchLatestPing passes boardId"},{"ancestorTitles":["agentsSlice: project-scoped thunks pass boardId to API"],"duration":3,"failing":false,"failureDetails":[],"failureMessages":[],"fullName":"agentsSlice: project-scoped thunks pass boardId to API fetchAgents passes boardId","invocations":1,"location":null,"numPassingAsserts":1,"retryReasons":[],"startAt":1771869136108,"status":"passed","title":"fetchAgents passes boardId"},{"ancestorTitles":["agentsSlice: project-scoped thunks pass boardId to API"],"duration":3,"failing":false,"failureDetails":[],"failureMessages":[],"fullName":"agentsSlice: project-scoped thunks pass boardId to API assignAgent passes boardId","invocations":1,"location":null,"numPassingAsserts":1,"retryReasons":[],"startAt":1771869136112,"status":"passed","title":"assignAgent passes boardId"},{"ancestorTitles":["agentsSlice: project-scoped thunks pass boardId to API"],"duration":4,"failing":false,"failureDetails":[],"failureMessages":[],"fullName":"agentsSlice: project-scoped thunks pass boardId to API unassignAgent passes boardId","invocations":1,"location":null,"numPassingAsserts":1,"retryReasons":[],"startAt":1771869136115,"status":"passed","title":"unassignAgent passes boardId"},{"ancestorTitles":["agentsSlice: project-scoped thunks pass boardId to API"],"duration":3,"failing":false,"failureDetails":[],"failureMessages":[],"fullName":"agentsSlice: project-scoped thunks pass boardId to API updateProjectAgent passes boardId","invocations":1,"location":null,"numPassingAsserts":1,"retryReasons":[],"startAt":1771869136119,"status":"passed","title":"updateProjectAgent passes boardId"},{"ancestorTitles":["source code verification: no projectHash in src/"],"duration":14,"failing":false,"failureDetails":[],"failureMessages":[],"fullName":"source code verification: no projectHash in src/ no source file in src/ contains 'projectHash'","invocations":1,"location":null,"numPassingAsserts":1,"retryReasons":[],"startAt":1771869136122,"status":"passed","title":"no source file in src/ contains 'projectHash'"},{"ancestorTitles":["source code verification: no projectHash in src/"],"duration":5,"failing":false,"failureDetails":[],"failureMessages":[],"fullName":"source code verification: no projectHash in src/ api.js does not reference projectHash anywhere","invocations":1,"location":null,"numPassingAsserts":1,"retryReasons":[],"startAt":1771869136136,"status":"passed","title":"api.js does not reference projectHash anywhere"},{"ancestorTitles":["source code verification: no projectHash in src/"],"duration":36,"failing":false,"failureDetails":[],"failureMessages":[],"fullName":"source code verification: no projectHash in src/ all Redux slices do not reference projectHash","invocations":1,"location":null,"numPassingAsserts":5,"retryReasons":[],"startAt":1771869136141,"status":"passed","title":"all Redux slices do not reference projectHash"},{"ancestorTitles":["E2E: board loaded → card operations use board.objectId as boardId"],"duration":21,"failing":false,"failureDetails":[],"failureMessages":[],"fullName":"E2E: board loaded → card operations use board.objectId as boardId full flow: fetchCards after board load uses objectId","invocations":1,"location":null,"numPassingAsserts":2,"retryReasons":[],"startAt":1771869136178,"status":"passed","title":"full flow: fetchCards after board load uses objectId"},{"ancestorTitles":["E2E: board loaded → card operations use board.objectId as boardId"],"duration":19,"failing":false,"failureDetails":[],"failureMessages":[],"fullName":"E2E: board loaded → card operations use board.objectId as boardId full flow: messages sent after board load use objectId","invocations":1,"location":null,"numPassingAsserts":2,"retryReasons":[],"startAt":1771869136208,"status":"passed","title":"full flow: messages sent after board load use objectId"},{"ancestorTitles":["E2E: board loaded → card operations use board.objectId as boardId"],"duration":26,"failing":false,"failureDetails":[],"failureMessages":[],"fullName":"E2E: board loaded → card operations use board.objectId as boardId full flow: articles fetched after board load use objectId","invocations":1,"location":null,"numPassingAsserts":2,"retryReasons":[],"startAt":1771869136227,"status":"passed","title":"full flow: articles fetched after board load use objectId"},{"ancestorTitles":["E2E: board loaded → card operations use board.objectId as boardId"],"duration":5,"failing":false,"failureDetails":[],"failureMessages":[],"fullName":"E2E: board loaded → card operations use board.objectId as boardId full flow: commands fetched after board load use objectId","invocations":1,"location":null,"numPassingAsserts":2,"retryReasons":[],"startAt":1771869136253,"status":"passed","title":"full flow: commands fetched after board load use objectId"},{"ancestorTitles":["E2E: board loaded → card operations use board.objectId as boardId"],"duration":4,"failing":false,"failureDetails":[],"failureMessages":[],"fullName":"E2E: board loaded → card operations use board.objectId as boardId full flow: agents assigned using objectId, not projectHash","invocations":1,"location":null,"numPassingAsserts":3,"retryReasons":[],"startAt":1771869136258,"status":"passed","title":"full flow: agents assigned using objectId, not projectHash"}],"endTime":1771869136272,"message":"","name":"C:\\Users\\andre\\OneDrive\\Desktop\\swarmcode\\swarmcode-ui\\tests\\card203-boardid-migration.test.js","startTime":1771869128862,"status":"passed","summary":""},{"assertionResults":[{"ancestorTitles":["normalize()"],"duration":27,"failing":false,"failureDetails":[],"failureMessages":[],"fullName":"normalize() lowercases input","invocations":1,"location":null,"numPassingAsserts":1,"retryReasons":[],"startAt":1771869137255,"status":"passed","title":"lowercases input"},{"ancestorTitles":["normalize()"],"duration":2,"failing":false,"failureDetails":[],"failureMessages":[],"fullName":"normalize() replaces hyphens with spaces","invocations":1,"location":null,"numPassingAsserts":1,"retryReasons":[],"startAt":1771869137285,"status":"passed","title":"replaces hyphens with spaces"},{"ancestorTitles":["normalize()"],"duration":14,"failing":false,"failureDetails":[],"failureMessages":[],"fullName":"normalize() collapses multiple spaces","invocations":1,"location":null,"numPassingAsserts":1,"retryReasons":[],"startAt":1771869137287,"status":"passed","title":"collapses multiple spaces"},{"ancestorTitles":["normalize()"],"duration":4,"failing":false,"failureDetails":[],"failureMessages":[],"fullName":"normalize() trims whitespace","invocations":1,"location":null,"numPassingAsserts":1,"retryReasons":[],"startAt":1771869137301,"status":"passed","title":"trims whitespace"},{"ancestorTitles":["normalize()"],"duration":3,"failing":false,"failureDetails":[],"failureMessages":[],"fullName":"normalize() replaces 'won' with 'one' (SpeechRecognition quirk)","invocations":1,"location":null,"numPassingAsserts":1,"retryReasons":[],"startAt":1771869137305,"status":"passed","title":"replaces 'won' with 'one' (SpeechRecognition quirk)"},{"ancestorTitles":["normalize()"],"duration":3,"failing":false,"failureDetails":[],"failureMessages":[],"fullName":"normalize() handles em-dashes and en-dashes","invocations":1,"location":null,"numPassingAsserts":1,"retryReasons":[],"startAt":1771869137309,"status":"passed","title":"handles em-dashes and en-dashes"},{"ancestorTitles":["parseVoiceCommand() — pm-1 aliases"],"duration":30,"failing":false,"failureDetails":[],"failureMessages":[],"fullName":"parseVoiceCommand() — pm-1 aliases 'pm one create a login page'","invocations":1,"location":null,"numPassingAsserts":1,"retryReasons":[],"startAt":1771869137312,"status":"passed","title":"'pm one create a login page'"},{"ancestorTitles":["parseVoiceCommand() — pm-1 aliases"],"duration":2,"failing":false,"failureDetails":[],"failureMessages":[],"fullName":"parseVoiceCommand() — pm-1 aliases 'PM 1 create a login page' (uppercase)","invocations":1,"location":null,"numPassingAsserts":1,"retryReasons":[],"startAt":1771869137343,"status":"passed","title":"'PM 1 create a login page' (uppercase)"},{"ancestorTitles":["parseVoiceCommand() — pm-1 aliases"],"duration":1,"failing":false,"failureDetails":[],"failureMessages":[],"fullName":"parseVoiceCommand() — pm-1 aliases 'pee emm one please create a card'","invocations":1,"location":null,"numPassingAsserts":1,"retryReasons":[],"startAt":1771869137346,"status":"passed","title":"'pee emm one please create a card'"},{"ancestorTitles":["parseVoiceCommand() — pm-1 aliases"],"duration":2,"failing":false,"failureDetails":[],"failureMessages":[],"fullName":"parseVoiceCommand() — pm-1 aliases 'pee em one do something'","invocations":1,"location":null,"numPassingAsserts":1,"retryReasons":[],"startAt":1771869137347,"status":"passed","title":"'pee em one do something'"},{"ancestorTitles":["parseVoiceCommand() — pm-1 aliases"],"duration":2,"failing":false,"failureDetails":[],"failureMessages":[],"fullName":"parseVoiceCommand() — pm-1 aliases 'p.m. one assign the task'","invocations":1,"location":null,"numPassingAsserts":1,"retryReasons":[],"startAt":1771869137349,"status":"passed","title":"'p.m. one assign the task'"},{"ancestorTitles":["parseVoiceCommand() — pm-1 aliases"],"duration":1,"failing":false,"failureDetails":[],"failureMessages":[],"fullName":"parseVoiceCommand() — pm-1 aliases 'p.m. 1 update the board'","invocations":1,"location":null,"numPassingAsserts":1,"retryReasons":[],"startAt":1771869137351,"status":"passed","title":"'p.m. 1 update the board'"},{"ancestorTitles":["parseVoiceCommand() — pm-1 aliases"],"duration":1,"failing":false,"failureDetails":[],"failureMessages":[],"fullName":"parseVoiceCommand() — pm-1 aliases 'project manager schedule a meeting'","invocations":1,"location":null,"numPassingAsserts":1,"retryReasons":[],"startAt":1771869137353,"status":"passed","title":"'project manager schedule a meeting'"},{"ancestorTitles":["parseVoiceCommand() — senior-dev-1 aliases"],"duration":2,"failing":false,"failureDetails":[],"failureMessages":[],"fullName":"parseVoiceCommand() — senior-dev-1 aliases 'senior dev one review my PR'","invocations":1,"location":null,"numPassingAsserts":1,"retryReasons":[],"startAt":1771869137355,"status":"passed","title":"'senior dev one review my PR'"},{"ancestorTitles":["parseVoiceCommand() — senior-dev-1 aliases"],"duration":3,"failing":false,"failureDetails":[],"failureMessages":[],"fullName":"parseVoiceCommand() — senior-dev-1 aliases 'senior dev 1 help with architecture'","invocations":1,"location":null,"numPassingAsserts":1,"retryReasons":[],"startAt":1771869137357,"status":"passed","title":"'senior dev 1 help with architecture'"},{"ancestorTitles":["parseVoiceCommand() — senior-dev-1 aliases"],"duration":2,"failing":false,"failureDetails":[],"failureMessages":[],"fullName":"parseVoiceCommand() — senior-dev-1 aliases 'senior developer one check this code'","invocations":1,"location":null,"numPassingAsserts":1,"retryReasons":[],"startAt":1771869137360,"status":"passed","title":"'senior developer one check this code'"},{"ancestorTitles":["parseVoiceCommand() — senior-dev-1 aliases"],"duration":2,"failing":false,"failureDetails":[],"failureMessages":[],"fullName":"parseVoiceCommand() — senior-dev-1 aliases 'senior developer 1 fix the bug'","invocations":1,"location":null,"numPassingAsserts":1,"retryReasons":[],"startAt":1771869137362,"status":"passed","title":"'senior developer 1 fix the bug'"},{"ancestorTitles":["parseVoiceCommand() — senior-dev-1 aliases"],"duration":1,"failing":false,"failureDetails":[],"failureMessages":[],"fullName":"parseVoiceCommand() — senior-dev-1 aliases 'senior please help' (short alias)","invocations":1,"location":null,"numPassingAsserts":1,"retryReasons":[],"startAt":1771869137364,"status":"passed","title":"'senior please help' (short alias)"},{"ancestorTitles":["parseVoiceCommand() — developer-1 aliases"],"duration":2,"failing":false,"failureDetails":[],"failureMessages":[],"fullName":"parseVoiceCommand() — developer-1 aliases 'developer one implement the feature'","invocations":1,"location":null,"numPassingAsserts":1,"retryReasons":[],"startAt":1771869137365,"status":"passed","title":"'developer one implement the feature'"},{"ancestorTitles":["parseVoiceCommand() — developer-1 aliases"],"duration":1,"failing":false,"failureDetails":[],"failureMessages":[],"fullName":"parseVoiceCommand() — developer-1 aliases 'developer 1 fix the tests'","invocations":1,"location":null,"numPassingAsserts":1,"retryReasons":[],"startAt":1771869137367,"status":"passed","title":"'developer 1 fix the tests'"},{"ancestorTitles":["parseVoiceCommand() — developer-1 aliases"],"duration":2,"failing":false,"failureDetails":[],"failureMessages":[],"fullName":"parseVoiceCommand() — developer-1 aliases 'dev one write some code'","invocations":1,"location":null,"numPassingAsserts":1,"retryReasons":[],"startAt":1771869137368,"status":"passed","title":"'dev one write some code'"},{"ancestorTitles":["parseVoiceCommand() — developer-1 aliases"],"duration":1,"failing":false,"failureDetails":[],"failureMessages":[],"fullName":"parseVoiceCommand() — developer-1 aliases 'dev 1 please add a button'","invocations":1,"location":null,"numPassingAsserts":1,"retryReasons":[],"startAt":1771869137370,"status":"passed","title":"'dev 1 please add a button'"},{"ancestorTitles":["parseVoiceCommand() — devops-1 aliases"],"duration":1,"failing":false,"failureDetails":[],"failureMessages":[],"fullName":"parseVoiceCommand() — devops-1 aliases 'devops one deploy to production'","invocations":1,"location":null,"numPassingAsserts":1,"retryReasons":[],"startAt":1771869137371,"status":"passed","title":"'devops one deploy to production'"},{"ancestorTitles":["parseVoiceCommand() — devops-1 aliases"],"duration":2,"failing":false,"failureDetails":[],"failureMessages":[],"fullName":"parseVoiceCommand() — devops-1 aliases 'devops 1 check the CI pipeline'","invocations":1,"location":null,"numPassingAsserts":1,"retryReasons":[],"startAt":1771869137372,"status":"passed","title":"'devops 1 check the CI pipeline'"},{"ancestorTitles":["parseVoiceCommand() — devops-1 aliases"],"duration":2,"failing":false,"failureDetails":[],"failureMessages":[],"fullName":"parseVoiceCommand() — devops-1 aliases 'dev ops one restart the server'","invocations":1,"location":null,"numPassingAsserts":1,"retryReasons":[],"startAt":1771869137374,"status":"passed","title":"'dev ops one restart the server'"},{"ancestorTitles":["parseVoiceCommand() — devops-1 aliases"],"duration":1,"failing":false,"failureDetails":[],"failureMessages":[],"fullName":"parseVoiceCommand() — devops-1 aliases 'dev ops 1 update the config'","invocations":1,"location":null,"numPassingAsserts":1,"retryReasons":[],"startAt":1771869137376,"status":"passed","title":"'dev ops 1 update the config'"},{"ancestorTitles":["parseVoiceCommand() — qa-1 aliases"],"duration":1,"failing":false,"failureDetails":[],"failureMessages":[],"fullName":"parseVoiceCommand() — qa-1 aliases 'qa one run the tests'","invocations":1,"location":null,"numPassingAsserts":1,"retryReasons":[],"startAt":1771869137378,"status":"passed","title":"'qa one run the tests'"},{"ancestorTitles":["parseVoiceCommand() — qa-1 aliases"],"duration":1,"failing":false,"failureDetails":[],"failureMessages":[],"fullName":"parseVoiceCommand() — qa-1 aliases 'qa 1 check for regressions'","invocations":1,"location":null,"numPassingAsserts":1,"retryReasons":[],"startAt":1771869137379,"status":"passed","title":"'qa 1 check for regressions'"},{"ancestorTitles":["parseVoiceCommand() — qa-1 aliases"],"duration":1,"failing":false,"failureDetails":[],"failureMessages":[],"fullName":"parseVoiceCommand() — qa-1 aliases 'q a one test the login flow'","invocations":1,"location":null,"numPassingAsserts":1,"retryReasons":[],"startAt":1771869137380,"status":"passed","title":"'q a one test the login flow'"},{"ancestorTitles":["parseVoiceCommand() — qa-1 aliases"],"duration":1,"failing":false,"failureDetails":[],"failureMessages":[],"fullName":"parseVoiceCommand() — qa-1 aliases 'q.a. one verify the fix'","invocations":1,"location":null,"numPassingAsserts":1,"retryReasons":[],"startAt":1771869137381,"status":"passed","title":"'q.a. one verify the fix'"},{"ancestorTitles":["parseVoiceCommand() — qa-1 aliases"],"duration":1,"failing":false,"failureDetails":[],"failureMessages":[],"fullName":"parseVoiceCommand() — qa-1 aliases 'quality assurance check the build'","invocations":1,"location":null,"numPassingAsserts":1,"retryReasons":[],"startAt":1771869137382,"status":"passed","title":"'quality assurance check the build'"},{"ancestorTitles":["parseVoiceCommand() — qa-1 aliases"],"duration":1,"failing":false,"failureDetails":[],"failureMessages":[],"fullName":"parseVoiceCommand() — qa-1 aliases 'cue ay one write tests'","invocations":1,"location":null,"numPassingAsserts":1,"retryReasons":[],"startAt":1771869137383,"status":"passed","title":"'cue ay one write tests'"},{"ancestorTitles":["parseVoiceCommand() — broadcast aliases"],"duration":4,"failing":false,"failureDetails":[],"failureMessages":[],"fullName":"parseVoiceCommand() — broadcast aliases 'team please do xyz'","invocations":1,"location":null,"numPassingAsserts":1,"retryReasons":[],"startAt":1771869137393,"status":"passed","title":"'team please do xyz'"},{"ancestorTitles":["parseVoiceCommand() — broadcast aliases"],"duration":20,"failing":false,"failureDetails":[],"failureMessages":[],"fullName":"parseVoiceCommand() — broadcast aliases 'everyone status update'","invocations":1,"location":null,"numPassingAsserts":1,"retryReasons":[],"startAt":1771869137398,"status":"passed","title":"'everyone status update'"},{"ancestorTitles":["parseVoiceCommand() — broadcast aliases"],"duration":1,"failing":false,"failureDetails":[],"failureMessages":[],"fullName":"parseVoiceCommand() — broadcast aliases 'all agents report progress'","invocations":1,"location":null,"numPassingAsserts":1,"retryReasons":[],"startAt":1771869137418,"status":"passed","title":"'all agents report progress'"},{"ancestorTitles":["parseVoiceCommand() — broadcast aliases"],"duration":1,"failing":false,"failureDetails":[],"failureMessages":[],"fullName":"parseVoiceCommand() — broadcast aliases 'all check in'","invocations":1,"location":null,"numPassingAsserts":1,"retryReasons":[],"startAt":1771869137420,"status":"passed","title":"'all check in'"},{"ancestorTitles":["parseVoiceCommand() — filler word stripping"],"duration":1,"failing":false,"failureDetails":[],"failureMessages":[],"fullName":"parseVoiceCommand() — filler word stripping strips 'please' after agent name","invocations":1,"location":null,"numPassingAsserts":1,"retryReasons":[],"startAt":1771869137421,"status":"passed","title":"strips 'please' after agent name"},{"ancestorTitles":["parseVoiceCommand() — filler word stripping"],"duration":1,"failing":false,"failureDetails":[],"failureMessages":[],"fullName":"parseVoiceCommand() — filler word stripping strips leading comma after agent name","invocations":1,"location":null,"numPassingAsserts":1,"retryReasons":[],"startAt":1771869137422,"status":"passed","title":"strips leading comma after agent name"},{"ancestorTitles":["parseVoiceCommand() — filler word stripping"],"duration":1,"failing":false,"failureDetails":[],"failureMessages":[],"fullName":"parseVoiceCommand() — filler word stripping strips 'comma' word after agent name","invocations":1,"location":null,"numPassingAsserts":1,"retryReasons":[],"startAt":1771869137423,"status":"passed","title":"strips 'comma' word after agent name"},{"ancestorTitles":["parseVoiceCommand() — edge cases"],"duration":1,"failing":false,"failureDetails":[],"failureMessages":[],"fullName":"parseVoiceCommand() — edge cases returns null for empty string","invocations":1,"location":null,"numPassingAsserts":1,"retryReasons":[],"startAt":1771869137424,"status":"passed","title":"returns null for empty string"},{"ancestorTitles":["parseVoiceCommand() — edge cases"],"duration":1,"failing":false,"failureDetails":[],"failureMessages":[],"fullName":"parseVoiceCommand() — edge cases returns null for whitespace-only string","invocations":1,"location":null,"numPassingAsserts":1,"retryReasons":[],"startAt":1771869137425,"status":"passed","title":"returns null for whitespace-only string"},{"ancestorTitles":["parseVoiceCommand() — edge cases"],"duration":0,"failing":false,"failureDetails":[],"failureMessages":[],"fullName":"parseVoiceCommand() — edge cases returns null when no agent matches","invocations":1,"location":null,"numPassingAsserts":1,"retryReasons":[],"startAt":1771869137426,"status":"passed","title":"returns null when no agent matches"},{"ancestorTitles":["parseVoiceCommand() — edge cases"],"duration":1,"failing":false,"failureDetails":[],"failureMessages":[],"fullName":"parseVoiceCommand() — edge cases returns empty message when only agent name is spoken","invocations":1,"location":null,"numPassingAsserts":1,"retryReasons":[],"startAt":1771869137427,"status":"passed","title":"returns empty message when only agent name is spoken"},{"ancestorTitles":["parseVoiceCommand() — edge cases"],"duration":1,"failing":false,"failureDetails":[],"failureMessages":[],"fullName":"parseVoiceCommand() — edge cases 'won' is normalized to 'one' (SpeechRecognition quirk)","invocations":1,"location":null,"numPassingAsserts":1,"retryReasons":[],"startAt":1771869137428,"status":"passed","title":"'won' is normalized to 'one' (SpeechRecognition quirk)"},{"ancestorTitles":["parseVoiceCommand() — edge cases"],"duration":1,"failing":false,"failureDetails":[],"failureMessages":[],"fullName":"parseVoiceCommand() — edge cases handles hyphenated agent name in transcript","invocations":1,"location":null,"numPassingAsserts":1,"retryReasons":[],"startAt":1771869137429,"status":"passed","title":"handles hyphenated agent name in transcript"},{"ancestorTitles":["parseVoiceCommand() — edge cases"],"duration":1,"failing":false,"failureDetails":[],"failureMessages":[],"fullName":"parseVoiceCommand() — edge cases 'dev ops one' matches devops-1 (not developer-1)","invocations":1,"location":null,"numPassingAsserts":1,"retryReasons":[],"startAt":1771869137430,"status":"passed","title":"'dev ops one' matches devops-1 (not developer-1)"},{"ancestorTitles":["parseVoiceCommand() — edge cases"],"duration":1,"failing":false,"failureDetails":[],"failureMessages":[],"fullName":"parseVoiceCommand() — edge cases only first agent match (prefix) is used","invocations":1,"location":null,"numPassingAsserts":2,"retryReasons":[],"startAt":1771869137431,"status":"passed","title":"only first agent match (prefix) is used"},{"ancestorTitles":["parseVoiceCommand() — fuzzy matching"],"duration":1,"failing":false,"failureDetails":[],"failureMessages":[],"fullName":"parseVoiceCommand() — fuzzy matching matches agent name after leading filler words","invocations":1,"location":null,"numPassingAsserts":1,"retryReasons":[],"startAt":1771869137433,"status":"passed","title":"matches agent name after leading filler words"},{"ancestorTitles":["parseVoiceCommand() — fuzzy matching"],"duration":1,"failing":false,"failureDetails":[],"failureMessages":[],"fullName":"parseVoiceCommand() — fuzzy matching matches agent name after 'okay'","invocations":1,"location":null,"numPassingAsserts":1,"retryReasons":[],"startAt":1771869137434,"status":"passed","title":"matches agent name after 'okay'"},{"ancestorTitles":["parseVoiceCommand() — fuzzy matching"],"duration":1,"failing":false,"failureDetails":[],"failureMessages":[],"fullName":"parseVoiceCommand() — fuzzy matching matches agent name after 'umm'","invocations":1,"location":null,"numPassingAsserts":1,"retryReasons":[],"startAt":1771869137435,"status":"passed","title":"matches agent name after 'umm'"},{"ancestorTitles":["parseVoiceCommand() — fuzzy matching"],"duration":1,"failing":false,"failureDetails":[],"failureMessages":[],"fullName":"parseVoiceCommand() — fuzzy matching matches agent name after 'so'","invocations":1,"location":null,"numPassingAsserts":1,"retryReasons":[],"startAt":1771869137436,"status":"passed","title":"matches agent name after 'so'"},{"ancestorTitles":["parseVoiceCommand() — fuzzy matching"],"duration":0,"failing":false,"failureDetails":[],"failureMessages":[],"fullName":"parseVoiceCommand() — fuzzy matching matches agent name after multiple filler words","invocations":1,"location":null,"numPassingAsserts":1,"retryReasons":[],"startAt":1771869137437,"status":"passed","title":"matches agent name after multiple filler words"},{"ancestorTitles":["parseVoiceCommand() — fuzzy matching"],"duration":0,"failing":false,"failureDetails":[],"failureMessages":[],"fullName":"parseVoiceCommand() — fuzzy matching does not match agent name as substring of another word","invocations":1,"location":null,"numPassingAsserts":1,"retryReasons":[],"startAt":1771869137438,"status":"passed","title":"does not match agent name as substring of another word"},{"ancestorTitles":["parseVoiceCommand() — fuzzy matching"],"duration":1,"failing":false,"failureDetails":[],"failureMessages":[],"fullName":"parseVoiceCommand() — fuzzy matching prefers earliest match when multiple agents in text","invocations":1,"location":null,"numPassingAsserts":2,"retryReasons":[],"startAt":1771869137438,"status":"passed","title":"prefers earliest match when multiple agents in text"},{"ancestorTitles":["parseVoiceCommand() — fuzzy matching"],"duration":1,"failing":false,"failureDetails":[],"failureMessages":[],"fullName":"parseVoiceCommand() — fuzzy matching matches broadcast after filler","invocations":1,"location":null,"numPassingAsserts":1,"retryReasons":[],"startAt":1771869137439,"status":"passed","title":"matches broadcast after filler"},{"ancestorTitles":["AGENT_PHONETIC_MAP ordering"],"duration":1,"failing":false,"failureDetails":[],"failureMessages":[],"fullName":"AGENT_PHONETIC_MAP ordering devops entries come before developer entries","invocations":1,"location":null,"numPassingAsserts":1,"retryReasons":[],"startAt":1771869137440,"status":"passed","title":"devops entries come before developer entries"},{"ancestorTitles":["AGENT_PHONETIC_MAP ordering"],"duration":0,"failing":false,"failureDetails":[],"failureMessages":[],"fullName":"AGENT_PHONETIC_MAP ordering longer patterns come before shorter within same agent group","invocations":1,"location":null,"numPassingAsserts":1,"retryReasons":[],"startAt":1771869137442,"status":"passed","title":"longer patterns come before shorter within same agent group"}],"endTime":1771869137448,"message":"","name":"C:\\Users\\andre\\OneDrive\\Desktop\\swarmcode\\swarmcode-ui\\tests\\voiceCommandParser.test.js","startTime":1771869136015,"status":"passed","summary":""},{"assertionResults":[{"ancestorTitles":["api.sendMessage"],"duration":9,"failing":false,"failureDetails":[],"failureMessages":[],"fullName":"api.sendMessage calls sendMessage with correct params","invocations":1,"location":null,"numPassingAsserts":2,"retryReasons":[],"startAt":1771869138999,"status":"passed","title":"calls sendMessage with correct params"},{"ancestorTitles":["api.sendMessage"],"duration":60,"failing":false,"failureDetails":[],"failureMessages":[],"fullName":"api.sendMessage throws on API error","invocations":1,"location":null,"numPassingAsserts":1,"retryReasons":[],"startAt":1771869139010,"status":"passed","title":"throws on API error"},{"ancestorTitles":["api.getConversation"],"duration":4,"failing":false,"failureDetails":[],"failureMessages":[],"fullName":"api.getConversation calls getConversation with boardId, user1 and user2","invocations":1,"location":null,"numPassingAsserts":1,"retryReasons":[],"startAt":1771869139070,"status":"passed","title":"calls getConversation with boardId, user1 and user2"},{"ancestorTitles":["api.getConversation"],"duration":3,"failing":false,"failureDetails":[],"failureMessages":[],"fullName":"api.getConversation returns messages array","invocations":1,"location":null,"numPassingAsserts":1,"retryReasons":[],"startAt":1771869139075,"status":"passed","title":"returns messages array"},{"ancestorTitles":["api.subscribeToMessages"],"duration":3,"failing":false,"failureDetails":[],"failureMessages":[],"fullName":"api.subscribeToMessages returns an unsubscribe function","invocations":1,"location":null,"numPassingAsserts":1,"retryReasons":[],"startAt":1771869139078,"status":"passed","title":"returns an unsubscribe function"},{"ancestorTitles":["api.subscribeToMessages"],"duration":4,"failing":false,"failureDetails":[],"failureMessages":[],"fullName":"api.subscribeToMessages calls onMessage when a new message is created","invocations":1,"location":null,"numPassingAsserts":2,"retryReasons":[],"startAt":1771869139081,"status":"passed","title":"calls onMessage when a new message is created"},{"ancestorTitles":["api.subscribeToMessages"],"duration":26,"failing":false,"failureDetails":[],"failureMessages":[],"fullName":"api.subscribeToMessages unsubscribes previous subscription when called again","invocations":1,"location":null,"numPassingAsserts":1,"retryReasons":[],"startAt":1771869139085,"status":"passed","title":"unsubscribes previous subscription when called again"},{"ancestorTitles":["api.getOrCreateBoard"],"duration":10,"failing":false,"failureDetails":[],"failureMessages":[],"fullName":"api.getOrCreateBoard sends projectPath to getOrCreateBoard","invocations":1,"location":null,"numPassingAsserts":1,"retryReasons":[],"startAt":1771869139117,"status":"passed","title":"sends projectPath to getOrCreateBoard"},{"ancestorTitles":["api.createCard"],"duration":24,"failing":false,"failureDetails":[],"failureMessages":[],"fullName":"api.createCard sends all card fields","invocations":1,"location":null,"numPassingAsserts":1,"retryReasons":[],"startAt":1771869139128,"status":"passed","title":"sends all card fields"},{"ancestorTitles":["api.createCard"],"duration":15,"failing":false,"failureDetails":[],"failureMessages":[],"fullName":"api.createCard throws on missing title error","invocations":1,"location":null,"numPassingAsserts":1,"retryReasons":[],"startAt":1771869139152,"status":"passed","title":"throws on missing title error"},{"ancestorTitles":["api.updateCard"],"duration":4,"failing":false,"failureDetails":[],"failureMessages":[],"fullName":"api.updateCard only sends non-undefined fields","invocations":1,"location":null,"numPassingAsserts":6,"retryReasons":[],"startAt":1771869139169,"status":"passed","title":"only sends non-undefined fields"},{"ancestorTitles":["api.updateCard"],"duration":3,"failing":false,"failureDetails":[],"failureMessages":[],"fullName":"api.updateCard throws on no changes error","invocations":1,"location":null,"numPassingAsserts":1,"retryReasons":[],"startAt":1771869139173,"status":"passed","title":"throws on no changes error"},{"ancestorTitles":["api.addComment"],"duration":1,"failing":false,"failureDetails":[],"failureMessages":[],"fullName":"api.addComment sends comment params","invocations":1,"location":null,"numPassingAsserts":1,"retryReasons":[],"startAt":1771869139176,"status":"passed","title":"sends comment params"},{"ancestorTitles":["api.listCards"],"duration":1,"failing":false,"failureDetails":[],"failureMessages":[],"fullName":"api.listCards sends boardId without status filter","invocations":1,"location":null,"numPassingAsserts":2,"retryReasons":[],"startAt":1771869139178,"status":"passed","title":"sends boardId without status filter"},{"ancestorTitles":["api.listCards"],"duration":8,"failing":false,"failureDetails":[],"failureMessages":[],"fullName":"api.listCards sends status filter when provided","invocations":1,"location":null,"numPassingAsserts":1,"retryReasons":[],"startAt":1771869139179,"status":"passed","title":"sends status filter when provided"},{"ancestorTitles":["api.showCard"],"duration":6,"failing":false,"failureDetails":[],"failureMessages":[],"fullName":"api.showCard sends boardId and cardId","invocations":1,"location":null,"numPassingAsserts":1,"retryReasons":[],"startAt":1771869139188,"status":"passed","title":"sends boardId and cardId"},{"ancestorTitles":["api.addRecentProject"],"duration":1,"failing":false,"failureDetails":[],"failureMessages":[],"fullName":"api.addRecentProject sends path and name","invocations":1,"location":null,"numPassingAsserts":1,"retryReasons":[],"startAt":1771869139195,"status":"passed","title":"sends path and name"},{"ancestorTitles":["api.getRecentProjects"],"duration":1,"failing":false,"failureDetails":[],"failureMessages":[],"fullName":"api.getRecentProjects sends empty params","invocations":1,"location":null,"numPassingAsserts":1,"retryReasons":[],"startAt":1771869139197,"status":"passed","title":"sends empty params"},{"ancestorTitles":["api.getRecentProjects"],"duration":1,"failing":false,"failureDetails":[],"failureMessages":[],"fullName":"api.getRecentProjects returns projects list","invocations":1,"location":null,"numPassingAsserts":1,"retryReasons":[],"startAt":1771869139198,"status":"passed","title":"returns projects list"},{"ancestorTitles":["Parse SDK initialization"],"duration":8,"failing":false,"failureDetails":[],"failureMessages":[],"fullName":"Parse SDK initialization Parse.initialize was called","invocations":1,"location":null,"numPassingAsserts":1,"retryReasons":[],"startAt":1771869139199,"status":"passed","title":"Parse.initialize was called"},{"ancestorTitles":["api.deleteProject"],"duration":10,"failing":false,"failureDetails":[],"failureMessages":[],"fullName":"api.deleteProject sends path to deleteProject","invocations":1,"location":null,"numPassingAsserts":1,"retryReasons":[],"startAt":1771869139208,"status":"passed","title":"sends path to deleteProject"},{"ancestorTitles":["api.deleteProject"],"duration":8,"failing":false,"failureDetails":[],"failureMessages":[],"fullName":"api.deleteProject throws on API error","invocations":1,"location":null,"numPassingAsserts":1,"retryReasons":[],"startAt":1771869139218,"status":"passed","title":"throws on API error"}],"endTime":1771869139242,"message":"","name":"C:\\Users\\andre\\OneDrive\\Desktop\\swarmcode\\swarmcode-ui\\tests\\api.test.js","startTime":1771869137646,"status":"passed","summary":""},{"assertionResults":[{"ancestorTitles":["CARD-105 QA: Component rendering"],"duration":498,"failing":false,"failureDetails":[],"failureMessages":[],"fullName":"CARD-105 QA: Component rendering TC-01: CommandsView renders heading 'Remote Agent Control'","invocations":1,"location":null,"numPassingAsserts":1,"retryReasons":[],"startAt":1771869163282,"status":"passed","title":"TC-01: CommandsView renders heading 'Remote Agent Control'"},{"ancestorTitles":["CARD-105 QA: Component rendering"],"duration":504,"failing":false,"failureDetails":[],"failureMessages":[],"fullName":"CARD-105 QA: Component rendering TC-02: Shows all 3 action buttons","invocations":1,"location":null,"numPassingAsserts":3,"retryReasons":[],"startAt":1771869163782,"status":"passed","title":"TC-02: Shows all 3 action buttons"},{"ancestorTitles":["CARD-105 QA: Component rendering"],"duration":132,"failing":false,"failureDetails":[],"failureMessages":[],"fullName":"CARD-105 QA: Component rendering TC-03: Shows 'Recent Commands' section heading","invocations":1,"location":null,"numPassingAsserts":1,"retryReasons":[],"startAt":1771869164287,"status":"passed","title":"TC-03: Shows 'Recent Commands' section heading"},{"ancestorTitles":["CARD-105 QA: Action buttons"],"duration":348,"failing":false,"failureDetails":[],"failureMessages":[],"fullName":"CARD-105 QA: Action buttons TC-04: 'Stop All' button calls createCommand with action='stop_all'","invocations":1,"location":null,"numPassingAsserts":1,"retryReasons":[],"startAt":1771869164419,"status":"passed","title":"TC-04: 'Stop All' button calls createCommand with action='stop_all'"},{"ancestorTitles":["CARD-105 QA: Action buttons"],"duration":244,"failing":false,"failureDetails":[],"failureMessages":[],"fullName":"CARD-105 QA: Action buttons TC-05: 'Start All' button calls createCommand with action='start_all'","invocations":1,"location":null,"numPassingAsserts":1,"retryReasons":[],"startAt":1771869164768,"status":"passed","title":"TC-05: 'Start All' button calls createCommand with action='start_all'"},{"ancestorTitles":["CARD-105 QA: Action buttons"],"duration":242,"failing":false,"failureDetails":[],"failureMessages":[],"fullName":"CARD-105 QA: Action buttons TC-06: 'Restart' button calls createCommand with action='restart_all'","invocations":1,"location":null,"numPassingAsserts":1,"retryReasons":[],"startAt":1771869165013,"status":"passed","title":"TC-06: 'Restart' button calls createCommand with action='restart_all'"},{"ancestorTitles":["CARD-105 QA: Action buttons"],"duration":227,"failing":false,"failureDetails":[],"failureMessages":[],"fullName":"CARD-105 QA: Action buttons TC-07: Buttons disabled while command is being sent","invocations":1,"location":null,"numPassingAsserts":3,"retryReasons":[],"startAt":1771869165255,"status":"passed","title":"TC-07: Buttons disabled while command is being sent"},{"ancestorTitles":["CARD-105 QA: Command history list"],"duration":125,"failing":false,"failureDetails":[],"failureMessages":[],"fullName":"CARD-105 QA: Command history list TC-08: Empty state when no commands","invocations":1,"location":null,"numPassingAsserts":1,"retryReasons":[],"startAt":1771869165483,"status":"passed","title":"TC-08: Empty state when no commands"},{"ancestorTitles":["CARD-105 QA: Command history list"],"duration":140,"failing":false,"failureDetails":[],"failureMessages":[],"fullName":"CARD-105 QA: Command history list TC-09: Shows up to 5 recent commands","invocations":1,"location":null,"numPassingAsserts":1,"retryReasons":[],"startAt":1771869165618,"status":"passed","title":"TC-09: Shows up to 5 recent commands"},{"ancestorTitles":["CARD-105 QA: Command history list"],"duration":63,"failing":false,"failureDetails":[],"failureMessages":[],"fullName":"CARD-105 QA: Command history list TC-10: Each command shows action label and status","invocations":1,"location":null,"numPassingAsserts":2,"retryReasons":[],"startAt":1771869165758,"status":"passed","title":"TC-10: Each command shows action label and status"},{"ancestorTitles":["CARD-105 QA: Command history list"],"duration":61,"failing":false,"failureDetails":[],"failureMessages":[],"fullName":"CARD-105 QA: Command history list TC-11: 'fulfilled' status displayed for successful commands","invocations":1,"location":null,"numPassingAsserts":1,"retryReasons":[],"startAt":1771869165822,"status":"passed","title":"TC-11: 'fulfilled' status displayed for successful commands"},{"ancestorTitles":["CARD-105 QA: Command history list"],"duration":84,"failing":false,"failureDetails":[],"failureMessages":[],"fullName":"CARD-105 QA: Command history list TC-12: 'error' status with error message for failed commands","invocations":1,"location":null,"numPassingAsserts":2,"retryReasons":[],"startAt":1771869165883,"status":"passed","title":"TC-12: 'error' status with error message for failed commands"},{"ancestorTitles":["CARD-105 QA: Ping status display"],"duration":169,"failing":false,"failureDetails":[],"failureMessages":[],"fullName":"CARD-105 QA: Ping status display TC-13: Shows relative time since last ping","invocations":1,"location":null,"numPassingAsserts":1,"retryReasons":[],"startAt":1771869165968,"status":"passed","title":"TC-13: Shows relative time since last ping"},{"ancestorTitles":["CARD-105 QA: Ping status display"],"duration":120,"failing":false,"failureDetails":[],"failureMessages":[],"fullName":"CARD-105 QA: Ping status display TC-14: Shows 'Online' when ping < 60 seconds ago","invocations":1,"location":null,"numPassingAsserts":1,"retryReasons":[],"startAt":1771869166137,"status":"passed","title":"TC-14: Shows 'Online' when ping < 60 seconds ago"},{"ancestorTitles":["CARD-105 QA: Ping status display"],"duration":132,"failing":false,"failureDetails":[],"failureMessages":[],"fullName":"CARD-105 QA: Ping status display TC-15: Shows 'Offline' when ping > 60 seconds ago","invocations":1,"location":null,"numPassingAsserts":1,"retryReasons":[],"startAt":1771869166258,"status":"passed","title":"TC-15: Shows 'Offline' when ping > 60 seconds ago"},{"ancestorTitles":["CARD-105 QA: Ping status display"],"duration":110,"failing":false,"failureDetails":[],"failureMessages":[],"fullName":"CARD-105 QA: Ping status display TC-16: Shows offline state when no ping exists","invocations":1,"location":null,"numPassingAsserts":1,"retryReasons":[],"startAt":1771869166390,"status":"passed","title":"TC-16: Shows offline state when no ping exists"},{"ancestorTitles":["CARD-105 QA: Redux state updates"],"duration":4,"failing":false,"failureDetails":[],"failureMessages":[],"fullName":"CARD-105 QA: Redux state updates TC-17: updateCommand changes command status from 'requested' to 'fulfilled'","invocations":1,"location":null,"numPassingAsserts":1,"retryReasons":[],"startAt":1771869166500,"status":"passed","title":"TC-17: updateCommand changes command status from 'requested' to 'fulfilled'"},{"ancestorTitles":["CARD-105 QA: Redux state updates"],"duration":4,"failing":false,"failureDetails":[],"failureMessages":[],"fullName":"CARD-105 QA: Redux state updates TC-18: updateCommand changes command status from 'requested' to 'error'","invocations":1,"location":null,"numPassingAsserts":2,"retryReasons":[],"startAt":1771869166504,"status":"passed","title":"TC-18: updateCommand changes command status from 'requested' to 'error'"},{"ancestorTitles":["CARD-105 QA: Redux state updates"],"duration":3,"failing":false,"failureDetails":[],"failureMessages":[],"fullName":"CARD-105 QA: Redux state updates TC-19: setPing updates the latestPing in state","invocations":1,"location":null,"numPassingAsserts":4,"retryReasons":[],"startAt":1771869166508,"status":"passed","title":"TC-19: setPing updates the latestPing in state"},{"ancestorTitles":["CARD-105 QA: Agent status display"],"duration":203,"failing":false,"failureDetails":[],"failureMessages":[],"fullName":"CARD-105 QA: Agent status display TC-20: Shows agent statuses from ping data","invocations":1,"location":null,"numPassingAsserts":2,"retryReasons":[],"startAt":1771869166512,"status":"passed","title":"TC-20: Shows agent statuses from ping data"},{"ancestorTitles":["CARD-105 QA: Agent status display"],"duration":117,"failing":false,"failureDetails":[],"failureMessages":[],"fullName":"CARD-105 QA: Agent status display TC-21: Shows no agent status when no ping exists","invocations":1,"location":null,"numPassingAsserts":1,"retryReasons":[],"startAt":1771869166716,"status":"passed","title":"TC-21: Shows no agent status when no ping exists"},{"ancestorTitles":["CARD-105 QA: Error handling"],"duration":390,"failing":false,"failureDetails":[],"failureMessages":[],"fullName":"CARD-105 QA: Error handling TC-22: Error alert shown when createCommand thunk rejects","invocations":1,"location":null,"numPassingAsserts":2,"retryReasons":[],"startAt":1771869166833,"status":"passed","title":"TC-22: Error alert shown when createCommand thunk rejects"},{"ancestorTitles":["CARD-105 QA: Error handling"],"duration":66,"failing":false,"failureDetails":[],"failureMessages":[],"fullName":"CARD-105 QA: Error handling TC-23: 'requested' status displayed for pending commands","invocations":1,"location":null,"numPassingAsserts":1,"retryReasons":[],"startAt":1771869167223,"status":"passed","title":"TC-23: 'requested' status displayed for pending commands"},{"ancestorTitles":["CARD-105 QA: Error handling"],"duration":5,"failing":false,"failureDetails":[],"failureMessages":[],"fullName":"CARD-105 QA: Error handling TC-24: updateCommand adds new command if objectId not found (LiveQuery create)","invocations":1,"location":null,"numPassingAsserts":2,"retryReasons":[],"startAt":1771869167289,"status":"passed","title":"TC-24: updateCommand adds new command if objectId not found (LiveQuery create)"}],"endTime":1771869167300,"message":"","name":"C:\\Users\\andre\\OneDrive\\Desktop\\swarmcode\\swarmcode-ui\\tests\\card105-commands-tab-qa.test.jsx","startTime":1771869128820,"status":"passed","summary":""},{"assertionResults":[{"ancestorTitles":["messagesSlice initial state"],"duration":22,"failing":false,"failureDetails":[],"failureMessages":[],"fullName":"messagesSlice initial state has correct default values","invocations":1,"location":null,"numPassingAsserts":2,"retryReasons":[],"startAt":1771869168298,"status":"passed","title":"has correct default values"},{"ancestorTitles":["messagesSlice initial state"],"duration":6,"failing":false,"failureDetails":[],"failureMessages":[],"fullName":"messagesSlice initial state has lazy conversation state (only 'all' channel pre-created)","invocations":1,"location":null,"numPassingAsserts":2,"retryReasons":[],"startAt":1771869168321,"status":"passed","title":"has lazy conversation state (only 'all' channel pre-created)"},{"ancestorTitles":["messagesSlice initial state"],"duration":2,"failing":false,"failureDetails":[],"failureMessages":[],"fullName":"messagesSlice initial state broadcast 'all' channel has hasMore=false by default","invocations":1,"location":null,"numPassingAsserts":2,"retryReasons":[],"startAt":1771869168327,"status":"passed","title":"broadcast 'all' channel has hasMore=false by default"},{"ancestorTitles":["messagesSlice reducers"],"duration":5,"failing":false,"failureDetails":[],"failureMessages":[],"fullName":"messagesSlice reducers clearError resets error to null","invocations":1,"location":null,"numPassingAsserts":1,"retryReasons":[],"startAt":1771869168330,"status":"passed","title":"clearError resets error to null"},{"ancestorTitles":["sendMessage thunk"],"duration":7,"failing":false,"failureDetails":[],"failureMessages":[],"fullName":"sendMessage thunk sets sending=true on pending, sending=false on fulfilled","invocations":1,"location":null,"numPassingAsserts":2,"retryReasons":[],"startAt":1771869168336,"status":"passed","title":"sets sending=true on pending, sending=false on fulfilled"},{"ancestorTitles":["sendMessage thunk"],"duration":65,"failing":false,"failureDetails":[],"failureMessages":[],"fullName":"sendMessage thunk sets error on rejected","invocations":1,"location":null,"numPassingAsserts":2,"retryReasons":[],"startAt":1771869168344,"status":"passed","title":"sets error on rejected"},{"ancestorTitles":["loadConversation thunk"],"duration":4,"failing":false,"failureDetails":[],"failureMessages":[],"fullName":"loadConversation thunk loads messages and sets loaded=true on fulfilled","invocations":1,"location":null,"numPassingAsserts":3,"retryReasons":[],"startAt":1771869168410,"status":"passed","title":"loads messages and sets loaded=true on fulfilled"},{"ancestorTitles":["loadConversation thunk"],"duration":5,"failing":false,"failureDetails":[],"failureMessages":[],"fullName":"loadConversation thunk sets hasMore=true when more messages exist","invocations":1,"location":null,"numPassin
[...]
ng":false,"failureDetails":[],"failureMessages":[],"fullName":"BoardView shows 'Select a project' when no active project","invocations":1,"location":null,"numPassingAsserts":1,"retryReasons":[],"startAt":1771869215905,"status":"passed","title":"shows 'Select a project' when no active project"},{"ancestorTitles":["BoardView"],"duration":165,"failing":false,"failureDetails":[],"failureMessages":[],"fullName":"BoardView shows loading spinner when loading","invocations":1,"location":null,"numPassingAsserts":1,"retryReasons":[],"startAt":1771869215921,"status":"passed","title":"shows loading spinner when loading"},{"ancestorTitles":["BoardView"],"duration":224,"failing":false,"failureDetails":[],"failureMessages":[],"fullName":"BoardView shows error alert when error exists","invocations":1,"location":null,"numPassingAsserts":1,"retryReasons":[],"startAt":1771869216087,"status":"passed","title":"shows error alert when error exists"},{"ancestorTitles":["BoardView"],"duration":188,"failing":false,"failureDetails":[],"failureMessages":[],"fullName":"BoardView renders Board heading and New Card button when board loaded","invocations":1,"location":null,"numPassingAsserts":2,"retryReasons":[],"startAt":1771869216312,"status":"passed","title":"renders Board heading and New Card button when board loaded"},{"ancestorTitles":["BoardView"],"duration":210,"failing":false,"failureDetails":[],"failureMessages":[],"fullName":"BoardView renders all 6 Kanban columns","invocations":1,"location":null,"numPassingAsserts":8,"retryReasons":[],"startAt":1771869216500,"status":"passed","title":"renders all 6 Kanban columns"},{"ancestorTitles":["BoardView"],"duration":220,"failing":false,"failureDetails":[],"failureMessages":[],"fullName":"BoardView renders cards in correct columns","invocations":1,"location":null,"numPassingAsserts":4,"retryReasons":[],"startAt":1771869216710,"status":"passed","title":"renders cards in correct columns"},{"ancestorTitles":["BoardView"],"duration":144,"failing":false,"failureDetails":[],"failureMessages":[],"fullName":"BoardView fetches board when active project is set","invocations":1,"location":null,"numPassingAsserts":1,"retryReasons":[],"startAt":1771869216930,"status":"passed","title":"fetches board when active project is set"},{"ancestorTitles":["MessagesView"],"duration":50,"failing":false,"failureDetails":[],"failureMessages":[],"fullName":"MessagesView renders All Agents entry in sidebar","invocations":1,"location":null,"numPassingAsserts":2,"retryReasons":[],"startAt":1771869217075,"status":"passed","title":"renders All Agents entry in sidebar"},{"ancestorTitles":["MessagesView"],"duration":103,"failing":false,"failureDetails":[],"failureMessages":[],"fullName":"MessagesView renders agent list in sidebar","invocations":1,"location":null,"numPassingAsserts":7,"retryReasons":[],"startAt":1771869217125,"status":"passed","title":"renders agent list in sidebar"},{"ancestorTitles":["MessagesView"],"duration":35,"failing":false,"failureDetails":[],"failureMessages":[],"fullName":"MessagesView shows 'Select an agent to start chatting' placeholder when no agent selected","invocations":1,"location":null,"numPassingAsserts":2,"retryReasons":[],"startAt":1771869217229,"status":"passed","title":"shows 'Select an agent to start chatting' placeholder when no agent selected"},{"ancestorTitles":["MessagesView"],"duration":30,"failing":false,"failureDetails":[],"failureMessages":[],"fullName":"MessagesView subscribes to LiveQuery messages on mount","invocations":1,"location":null,"numPassingAsserts":2,"retryReasons":[],"startAt":1771869217265,"status":"passed","title":"subscribes to LiveQuery messages on mount"},{"ancestorTitles":["MessagesView"],"duration":239,"failing":false,"failureDetails":[],"failureMessages":[],"fullName":"MessagesView shows chat view with empty state when agent is selected","invocations":1,"location":null,"numPassingAsserts":3,"retryReasons":[],"startAt":1771869217296,"status":"passed","title":"shows chat view with empty state when agent is selected"},{"ancestorTitles":["MessagesView"],"duration":187,"failing":false,"failureDetails":[],"failureMessages":[],"fullName":"MessagesView renders messages in chat view when conversation has messages","invocations":1,"location":null,"numPassingAsserts":2,"retryReasons":[],"startAt":1771869217535,"status":"passed","title":"renders messages in chat view when conversation has messages"},{"ancestorTitles":["MessagesView"],"duration":184,"failing":false,"failureDetails":[],"failureMessages":[],"fullName":"MessagesView send button is disabled when input is empty","invocations":1,"location":null,"numPassingAsserts":3,"retryReasons":[],"startAt":1771869217722,"status":"passed","title":"send button is disabled when input is empty"},{"ancestorTitles":["MessagesView"],"duration":125,"failing":false,"failureDetails":[],"failureMessages":[],"fullName":"MessagesView renders message input placeholder with agent name","invocations":1,"location":null,"numPassingAsserts":2,"retryReasons":[],"startAt":1771869217907,"status":"passed","title":"renders message input placeholder with agent name"},{"ancestorTitles":["MessagesView"],"duration":134,"failing":false,"failureDetails":[],"failureMessages":[],"fullName":"MessagesView calls unsubscribe on unmount","invocations":1,"location":null,"numPassingAsserts":2,"retryReasons":[],"startAt":1771869218032,"status":"passed","title":"calls unsubscribe on unmount"},{"ancestorTitles":["MessagesView"],"duration":362,"failing":false,"failureDetails":[],"failureMessages":[],"fullName":"MessagesView dispatches appendMessage when LiveQuery delivers a message","invocations":1,"location":null,"numPassingAsserts":2,"retryReasons":[],"startAt":1771869218166,"status":"passed","title":"dispatches appendMessage when LiveQuery delivers a message"},{"ancestorTitles":["ChatView — lazy loading"],"duration":158,"failing":false,"failureDetails":[],"failureMessages":[],"fullName":"ChatView — lazy loading shows 'Load older messages' button when hasMore=true","invocations":1,"location":null,"numPassingAsserts":2,"retryReasons":[],"startAt":1771869218528,"status":"passed","title":"shows 'Load older messages' button when hasMore=true"},{"ancestorTitles":["ChatView — lazy loading"],"duration":129,"failing":false,"failureDetails":[],"failureMessages":[],"fullName":"ChatView — lazy loading hides 'Load older messages' button when hasMore=false","invocations":1,"location":null,"numPassingAsserts":2,"retryReasons":[],"startAt":1771869218686,"status":"passed","title":"hides 'Load older messages' button when hasMore=false"},{"ancestorTitles":["ChatView — lazy loading"],"duration":105,"failing":false,"failureDetails":[],"failureMessages":[],"fullName":"ChatView — lazy loading shows 'Loading...' text when loadingMore=true","invocations":1,"location":null,"numPassingAsserts":3,"retryReasons":[],"startAt":1771869218815,"status":"passed","title":"shows 'Loading...' text when loadingMore=true"},{"ancestorTitles":["ChatView — lazy loading"],"duration":125,"failing":false,"failureDetails":[],"failureMessages":[],"fullName":"ChatView — lazy loading shows empty state when no messages","invocations":1,"location":null,"numPassingAsserts":2,"retryReasons":[],"startAt":1771869218921,"status":"passed","title":"shows empty state when no messages"},{"ancestorTitles":["CreateCardDialog"],"duration":234,"failing":false,"failureDetails":[],"failureMessages":[],"fullName":"CreateCardDialog renders dialog title and fields when open","invocations":1,"location":null,"numPassingAsserts":3,"retryReasons":[],"startAt":1771869219046,"status":"passed","title":"renders dialog title and fields when open"},{"ancestorTitles":["CreateCardDialog"],"duration":8,"failing":false,"failureDetails":[],"failureMessages":[],"fullName":"CreateCardDialog does not render when open=false","invocations":1,"location":null,"numPassingAsserts":1,"retryReasons":[],"startAt":1771869219280,"status":"passed","title":"does not render when open=false"},{"ancestorTitles":["CreateCardDialog"],"duration":159,"failing":false,"failureDetails":[],"failureMessages":[],"fullName":"CreateCardDialog Create button is disabled when title is empty","invocations":1,"location":null,"numPassingAsserts":1,"retryReasons":[],"startAt":1771869219288,"status":"passed","title":"Create button is disabled when title is empty"},{"ancestorTitles":["CreateCardDialog"],"duration":996,"failing":false,"failureDetails":[],"failureMessages":[],"fullName":"CreateCardDialog Create button enables when title is entered","invocations":1,"location":null,"numPassingAsserts":1,"retryReasons":[],"startAt":1771869219447,"status":"passed","title":"Create button enables when title is entered"},{"ancestorTitles":["CreateCardDialog"],"duration":131,"failing":false,"failureDetails":[],"failureMessages":[],"fullName":"CreateCardDialog Cancel button is present","invocations":1,"location":null,"numPassingAsserts":1,"retryReasons":[],"startAt":1771869220443,"status":"passed","title":"Cancel button is present"},{"ancestorTitles":["CreateCardDialog"],"duration":935,"failing":false,"failureDetails":[],"failureMessages":[],"fullName":"CreateCardDialog dispatches createCard on submit","invocations":1,"location":null,"numPassingAsserts":1,"retryReasons":[],"startAt":1771869220574,"status":"passed","title":"dispatches createCard on submit"},{"ancestorTitles":["CardDetailDialog"],"duration":132,"failing":false,"failureDetails":[],"failureMessages":[],"fullName":"CardDetailDialog renders card title and card ID when open","invocations":1,"location":null,"numPassingAsserts":2,"retryReasons":[],"startAt":1771869221509,"status":"passed","title":"renders card title and card ID when open"},{"ancestorTitles":["CardDetailDialog"],"duration":85,"failing":false,"failureDetails":[],"failureMessages":[],"fullName":"CardDetailDialog renders card description","invocations":1,"location":null,"numPassingAsserts":1,"retryReasons":[],"startAt":1771869221641,"status":"passed","title":"renders card description"},{"ancestorTitles":["CardDetailDialog"],"duration":84,"failing":false,"failureDetails":[],"failureMessages":[],"fullName":"CardDetailDialog renders comments section with count","invocations":1,"location":null,"numPassingAsserts":2,"retryReasons":[],"startAt":1771869221726,"status":"passed","title":"renders comments section with count"},{"ancestorTitles":["CardDetailDialog"],"duration":95,"failing":false,"failureDetails":[],"failureMessages":[],"fullName":"CardDetailDialog shows 'No comments yet' when card has no comments","invocations":1,"location":null,"numPassingAsserts":1,"retryReasons":[],"startAt":1771869221810,"status":"passed","title":"shows 'No comments yet' when card has no comments"},{"ancestorTitles":["CardDetailDialog"],"duration":87,"failing":false,"failureDetails":[],"failureMessages":[],"fullName":"CardDetailDialog renders assignee dropdown","invocations":1,"location":null,"numPassingAsserts":1,"retryReasons":[],"startAt":1771869221905,"status":"passed","title":"renders assignee dropdown"},{"ancestorTitles":["CardDetailDialog"],"duration":100,"failing":false,"failureDetails":[],"failureMessages":[],"fullName":"CardDetailDialog renders add comment input and send button","invocations":1,"location":null,"numPassingAsserts":1,"retryReasons":[],"startAt":1771869221993,"status":"passed","title":"renders add comment input and send button"},{"ancestorTitles":["CardDetailDialog"],"duration":106,"failing":false,"failureDetails":[],"failureMessages":[],"fullName":"CardDetailDialog Close button is present","invocations":1,"location":null,"numPassingAsserts":1,"retryReasons":[],"startAt":1771869222094,"status":"passed","title":"Close button is present"},{"ancestorTitles":["CardDetailDialog"],"duration":6,"failing":false,"failureDetails":[],"failureMessages":[],"fullName":"CardDetailDialog does not render when card is null","invocations":1,"location":null,"numPassingAsserts":1,"retryReasons":[],"startAt":1771869222200,"status":"passed","title":"does not render when card is null"},{"ancestorTitles":["ProjectSelector"],"duration":27,"failing":false,"failureDetails":[],"failureMessages":[],"fullName":"ProjectSelector renders Add project button","invocations":1,"location":null,"numPassingAsserts":1,"retryReasons":[],"startAt":1771869222206,"status":"passed","title":"renders Add project button"},{"ancestorTitles":["ProjectSelector"],"duration":34,"failing":false,"failureDetails":[],"failureMessages":[],"fullName":"ProjectSelector fetches recent projects on mount","invocations":1,"location":null,"numPassingAsserts":1,"retryReasons":[],"startAt":1771869222233,"status":"passed","title":"fetches recent projects on mount"},{"ancestorTitles":["ProjectSelector"],"duration":41,"failing":false,"failureDetails":[],"failureMessages":[],"fullName":"ProjectSelector shows 'No projects' when projects list is empty","invocations":1,"location":null,"numPassingAsserts":1,"retryReasons":[],"startAt":1771869222267,"status":"passed","title":"shows 'No projects' when projects list is empty"},{"ancestorTitles":["ProjectSelector"],"duration":122,"failing":false,"failureDetails":[],"failureMessages":[],"fullName":"ProjectSelector opens Add Project dialog on button click","invocations":1,"location":null,"numPassingAsserts":2,"retryReasons":[],"startAt":1771869222308,"status":"passed","title":"opens Add Project dialog on button click"},{"ancestorTitles":["ProjectSelector"],"duration":133,"failing":false,"failureDetails":[],"failureMessages":[],"fullName":"ProjectSelector Add button in dialog is disabled when path is empty","invocations":1,"location":null,"numPassingAsserts":1,"retryReasons":[],"startAt":1771869222430,"status":"passed","title":"Add button in dialog is disabled when path is empty"},{"ancestorTitles":["ProjectSelector"],"duration":36,"failing":false,"failureDetails":[],"failureMessages":[],"fullName":"ProjectSelector renders project names when projects exist","invocations":1,"location":null,"numPassingAsserts":1,"retryReasons":[],"startAt":1771869222564,"status":"passed","title":"renders project names when projects exist"},{"ancestorTitles":["ProjectSelector"],"duration":39,"failing":false,"failureDetails":[],"failureMessages":[],"fullName":"ProjectSelector does not render a Delete project button (delete moved to ProjectsView)","invocations":1,"location":null,"numPassingAsserts":1,"retryReasons":[],"startAt":1771869222600,"status":"passed","title":"does not render a Delete project button (delete moved to ProjectsView)"},{"ancestorTitles":["ProjectsView"],"duration":14,"failing":false,"failureDetails":[],"failureMessages":[],"fullName":"ProjectsView shows empty state when no projects exist","invocations":1,"location":null,"numPassingAsserts":1,"retryReasons":[],"startAt":1771869222639,"status":"passed","title":"shows empty state when no projects exist"},{"ancestorTitles":["ProjectsView"],"duration":25,"failing":false,"failureDetails":[],"failureMessages":[],"fullName":"ProjectsView renders Projects heading and Add Project button","invocations":1,"location":null,"numPassingAsserts":2,"retryReasons":[],"startAt":1771869222653,"status":"passed","title":"renders Projects heading and Add Project button"},{"ancestorTitles":["ProjectsView"],"duration":30,"failing":false,"failureDetails":[],"failureMessages":[],"fullName":"ProjectsView renders project list with names and paths","invocations":1,"location":null,"numPassingAsserts":4,"retryReasons":[],"startAt":1771869222678,"status":"passed","title":"renders project list with names and paths"},{"ancestorTitles":["ProjectsView"],"duration":27,"failing":false,"failureDetails":[],"failureMessages":[],"fullName":"ProjectsView active project list item has selected styling","invocations":1,"location":null,"numPassingAsserts":3,"retryReasons":[],"startAt":1771869222708,"status":"passed","title":"active project list item has selected styling"},{"ancestorTitles":["ProjectsView"],"duration":26,"failing":false,"failureDetails":[],"failureMessages":[],"fullName":"ProjectsView renders a delete button for each project","invocations":1,"location":null,"numPassingAsserts":1,"retryReasons":[],"startAt":1771869222735,"status":"passed","title":"renders a delete button for each project"},{"ancestorTitles":["ProjectsView"],"duration":125,"failing":false,"failureDetails":[],"failureMessages":[],"fullName":"ProjectsView clicking delete button opens confirmation dialog for that project","invocations":1,"location":null,"numPassingAsserts":2,"retryReasons":[],"startAt":1771869222761,"status":"passed","title":"clicking delete button opens confirmation dialog for that project"},{"ancestorTitles":["ProjectsView"],"duration":422,"failing":false,"failureDetails":[],"failureMessages":[],"fullName":"ProjectsView cancel closes the delete dialog","invocations":1,"location":null,"numPassingAsserts":2,"retryReasons":[],"startAt":1771869222887,"status":"passed","title":"cancel closes the delete dialog"},{"ancestorTitles":["ProjectsView"],"duration":236,"failing":false,"failureDetails":[],"failureMessages":[],"fullName":"ProjectsView confirming delete calls deleteProject API","invocations":1,"location":null,"numPassingAsserts":1,"retryReasons":[],"startAt":1771869223309,"status":"passed","title":"confirming delete calls deleteProject API"},{"ancestorTitles":["ProjectsView"],"duration":136,"failing":false,"failureDetails":[],"failureMessages":[],"fullName":"ProjectsView opens Add Project dialog on button click","invocations":1,"location":null,"numPassingAsserts":2,"retryReasons":[],"startAt":1771869223545,"status":"passed","title":"opens Add Project dialog on button click"},{"ancestorTitles":["ProjectsView"],"duration":304,"failing":false,"failureDetails":[],"failureMessages":[],"fullName":"ProjectsView delete button shows spinner and 'Deleting...' text while deletion is in progress","invocations":1,"location":null,"numPassingAsserts":4,"retryReasons":[],"startAt":1771869223681,"status":"passed","title":"delete button shows spinner and 'Deleting...' text while deletion is in progress"},{"ancestorTitles":["ProjectsView"],"duration":246,"failing":false,"failureDetails":[],"failureMessages":[],"fullName":"ProjectsView shows error Alert banner when delete fails","invocations":1,"location":null,"numPassingAsserts":2,"retryReasons":[],"startAt":1771869223985,"status":"passed","title":"shows error Alert banner when delete fails"},{"ancestorTitles":["ProjectsView"],"duration":78,"failing":false,"failureDetails":[],"failureMessages":[],"fullName":"ProjectsView error Alert banner can be dismissed with close button","invocations":1,"location":null,"numPassingAsserts":3,"retryReasons":[],"startAt":1771869224231,"status":"passed","title":"error Alert banner can be dismissed with close button"},{"ancestorTitles":["ProjectsView"],"duration":301,"failing":false,"failureDetails":[],"failureMessages":[],"fullName":"ProjectsView dialog stays open when delete fails (so user can retry)","invocations":1,"location":null,"numPassingAsserts":3,"retryReasons":[],"startAt":1771869224310,"status":"passed","title":"dialog stays open when delete fails (so user can retry)"},{"ancestorTitles":["ProjectsView"],"duration":439,"failing":false,"failureDetails":[],"failureMessages":[],"fullName":"ProjectsView dialog closes after successful delete","invocations":1,"location":null,"numPassingAsserts":1,"retryReasons":[],"startAt":1771869224612,"status":"passed","title":"dialog closes after successful delete"},{"ancestorTitles":["ProjectsView"],"duration":111,"failing":false,"failureDetails":[],"failureMessages":[],"fullName":"ProjectsView clicking a project sets it as active","invocations":1,"location":null,"numPassingAsserts":2,"retryReasons":[],"startAt":1771869225051,"status":"passed","title":"clicking a project sets it as active"}],"endTime":1771869225165,"message":"","name":"C:\\Users\\andre\\OneDrive\\Desktop\\swarmcode\\swarmcode-ui\\tests\\components.test.jsx","startTime":1771869128914,"status":"passed","summary":""}],"wasInterrupted":false}
